

Started GET "/static_pages/home" for 127.0.0.1 at 2014-01-06 20:17:20 -0800
Processing by StaticPagesController#home as HTML
  Rendered static_pages/home.html.erb within layouts/application (24.1ms)
Completed 200 OK in 566ms (Views: 564.7ms | ActiveRecord: 0.0ms)


Started GET "/assets/application.css?body=1" for 127.0.0.1 at 2014-01-06 20:17:21 -0800


Started GET "/assets/static_pages.css?body=1" for 127.0.0.1 at 2014-01-06 20:17:21 -0800


Started GET "/assets/jquery_ujs.js?body=1" for 127.0.0.1 at 2014-01-06 20:17:21 -0800


Started GET "/assets/jquery.js?body=1" for 127.0.0.1 at 2014-01-06 20:17:21 -0800


Started GET "/assets/static_pages.js?body=1" for 127.0.0.1 at 2014-01-06 20:17:21 -0800


Started GET "/assets/turbolinks.js?body=1" for 127.0.0.1 at 2014-01-06 20:17:21 -0800


Started GET "/assets/application.js?body=1" for 127.0.0.1 at 2014-01-06 20:17:21 -0800


Started GET "/images/rails.png" for 127.0.0.1 at 2014-01-06 20:17:21 -0800

ActionController::RoutingError (No route matches [GET] "/images/rails.png"):
  actionpack (4.0.2) lib/action_dispatch/middleware/debug_exceptions.rb:21:in `call'
  actionpack (4.0.2) lib/action_dispatch/middleware/show_exceptions.rb:30:in `call'
  railties (4.0.2) lib/rails/rack/logger.rb:38:in `call_app'
  railties (4.0.2) lib/rails/rack/logger.rb:20:in `block in call'
  activesupport (4.0.2) lib/active_support/tagged_logging.rb:67:in `block in tagged'
  activesupport (4.0.2) lib/active_support/tagged_logging.rb:25:in `tagged'
  activesupport (4.0.2) lib/active_support/tagged_logging.rb:67:in `tagged'
  railties (4.0.2) lib/rails/rack/logger.rb:20:in `call'
  actionpack (4.0.2) lib/action_dispatch/middleware/request_id.rb:21:in `call'
  rack (1.5.2) lib/rack/methodoverride.rb:21:in `call'
  rack (1.5.2) lib/rack/runtime.rb:17:in `call'
  activesupport (4.0.2) lib/active_support/cache/strategy/local_cache.rb:83:in `call'
  rack (1.5.2) lib/rack/lock.rb:17:in `call'
  actionpack (4.0.2) lib/action_dispatch/middleware/static.rb:64:in `call'
  rack (1.5.2) lib/rack/sendfile.rb:112:in `call'
  railties (4.0.2) lib/rails/engine.rb:511:in `call'
  railties (4.0.2) lib/rails/application.rb:97:in `call'
  rack (1.5.2) lib/rack/lock.rb:17:in `call'
  rack (1.5.2) lib/rack/content_length.rb:14:in `call'
  rack (1.5.2) lib/rack/handler/webrick.rb:60:in `service'
  /usr/local/rvm/rubies/ruby-2.0.0-p353/lib/ruby/2.0.0/webrick/httpserver.rb:138:in `service'
  /usr/local/rvm/rubies/ruby-2.0.0-p353/lib/ruby/2.0.0/webrick/httpserver.rb:94:in `run'
  /usr/local/rvm/rubies/ruby-2.0.0-p353/lib/ruby/2.0.0/webrick/server.rb:295:in `block in start_thread'


  Rendered /usr/local/rvm/gems/ruby-2.0.0-p353@railstutorial_rails_4_0/gems/actionpack-4.0.2/lib/action_dispatch/middleware/templates/rescues/_trace.erb (3.6ms)
  Rendered /usr/local/rvm/gems/ruby-2.0.0-p353@railstutorial_rails_4_0/gems/actionpack-4.0.2/lib/action_dispatch/middleware/templates/routes/_route.html.erb (0.9ms)
  Rendered /usr/local/rvm/gems/ruby-2.0.0-p353@railstutorial_rails_4_0/gems/actionpack-4.0.2/lib/action_dispatch/middleware/templates/routes/_table.html.erb (31.8ms)
  Rendered /usr/local/rvm/gems/ruby-2.0.0-p353@railstutorial_rails_4_0/gems/actionpack-4.0.2/lib/action_dispatch/middleware/templates/rescues/routing_error.erb within rescues/layout (93.3ms)


Started GET "/static_pages/home" for 127.0.0.1 at 2014-01-06 20:23:09 -0800
Processing by StaticPagesController#home as HTML
  Rendered static_pages/home.html.erb within layouts/application (3.8ms)
Completed 200 OK in 90ms (Views: 87.6ms | ActiveRecord: 0.0ms)


Started GET "/assets/application.css?body=1" for 127.0.0.1 at 2014-01-06 20:23:10 -0800


Started GET "/assets/jquery_ujs.js?body=1" for 127.0.0.1 at 2014-01-06 20:23:10 -0800


Started GET "/assets/jquery.js?body=1" for 127.0.0.1 at 2014-01-06 20:23:10 -0800


Started GET "/assets/static_pages.css?body=1" for 127.0.0.1 at 2014-01-06 20:23:10 -0800


Started GET "/assets/application.js?body=1" for 127.0.0.1 at 2014-01-06 20:23:10 -0800


Started GET "/assets/static_pages.js?body=1" for 127.0.0.1 at 2014-01-06 20:23:10 -0800


Started GET "/assets/turbolinks.js?body=1" for 127.0.0.1 at 2014-01-06 20:23:10 -0800


Started GET "/assets/rails.png" for 127.0.0.1 at 2014-01-06 20:23:10 -0800
