# Logfile created on 2014-01-05 23:18:21 -0800 by logger.rb/41954
I, [2014-01-05T23:18:21.964157 #6730]  INFO -- : 0:  rake (10.1.1) from /usr/local/rvm/gems/ruby-2.0.0-p353@railstutorial_rails_4_0/specifications/rake-10.1.1.gemspec
I, [2014-01-05T23:18:21.964653 #6730]  INFO -- : 0:  i18n (0.6.9) from /usr/local/rvm/gems/ruby-2.0.0-p353@railstutorial_rails_4_0/specifications/i18n-0.6.9.gemspec
I, [2014-01-05T23:18:21.964998 #6730]  INFO -- : 0:  minitest (4.7.5) from /usr/local/rvm/gems/ruby-2.0.0-p353@railstutorial_rails_4_0/specifications/minitest-4.7.5.gemspec
I, [2014-01-05T23:18:21.965246 #6730]  INFO -- : 0:  multi_json (1.8.2) from /usr/local/rvm/gems/ruby-2.0.0-p353@railstutorial_rails_4_0/specifications/multi_json-1.8.2.gemspec
I, [2014-01-05T23:18:21.965500 #6730]  INFO -- : 0:  atomic (1.1.14) from /usr/local/rvm/gems/ruby-2.0.0-p353@railstutorial_rails_4_0/specifications/atomic-1.1.14.gemspec
I, [2014-01-05T23:18:21.965786 #6730]  INFO -- : 0:  thread_safe (0.1.3) from /usr/local/rvm/gems/ruby-2.0.0-p353@railstutorial_rails_4_0/specifications/thread_safe-0.1.3.gemspec
I, [2014-01-05T23:18:21.966043 #6730]  INFO -- : 0:  tzinfo (0.3.38) from /usr/local/rvm/gems/ruby-2.0.0-p353@railstutorial_rails_4_0/specifications/tzinfo-0.3.38.gemspec
I, [2014-01-05T23:18:21.966287 #6730]  INFO -- : 0:  activesupport (4.0.2) from /usr/local/rvm/gems/ruby-2.0.0-p353@railstutorial_rails_4_0/specifications/activesupport-4.0.2.gemspec
I, [2014-01-05T23:18:21.966532 #6730]  INFO -- : 0:  builder (3.1.4) from /usr/local/rvm/gems/ruby-2.0.0-p353@railstutorial_rails_4_0/specifications/builder-3.1.4.gemspec
I, [2014-01-05T23:18:21.966817 #6730]  INFO -- : 0:  erubis (2.7.0) from /usr/local/rvm/gems/ruby-2.0.0-p353@railstutorial_rails_4_0/specifications/erubis-2.7.0.gemspec
I, [2014-01-05T23:18:21.967074 #6730]  INFO -- : 0:  rack (1.5.2) from /usr/local/rvm/gems/ruby-2.0.0-p353@railstutorial_rails_4_0/specifications/rack-1.5.2.gemspec
I, [2014-01-05T23:18:21.967358 #6730]  INFO -- : 0:  rack-test (0.6.2) from /usr/local/rvm/gems/ruby-2.0.0-p353@railstutorial_rails_4_0/specifications/rack-test-0.6.2.gemspec
I, [2014-01-05T23:18:21.967655 #6730]  INFO -- : 0:  actionpack (4.0.2) from /usr/local/rvm/gems/ruby-2.0.0-p353@railstutorial_rails_4_0/specifications/actionpack-4.0.2.gemspec
I, [2014-01-05T23:18:21.967960 #6730]  INFO -- : 0:  mime-types (1.25.1) from /usr/local/rvm/gems/ruby-2.0.0-p353@railstutorial_rails_4_0/specifications/mime-types-1.25.1.gemspec
I, [2014-01-05T23:18:21.968213 #6730]  INFO -- : 0:  polyglot (0.3.3) from /usr/local/rvm/gems/ruby-2.0.0-p353@railstutorial_rails_4_0/specifications/polyglot-0.3.3.gemspec
I, [2014-01-05T23:18:21.968466 #6730]  INFO -- : 0:  treetop (1.4.15) from /usr/local/rvm/gems/ruby-2.0.0-p353@railstutorial_rails_4_0/specifications/treetop-1.4.15.gemspec
I, [2014-01-05T23:18:21.968688 #6730]  INFO -- : 0:  mail (2.5.4) from /usr/local/rvm/gems/ruby-2.0.0-p353@railstutorial_rails_4_0/specifications/mail-2.5.4.gemspec
I, [2014-01-05T23:18:21.968969 #6730]  INFO -- : 0:  actionmailer (4.0.2) from /usr/local/rvm/gems/ruby-2.0.0-p353@railstutorial_rails_4_0/specifications/actionmailer-4.0.2.gemspec
I, [2014-01-05T23:18:21.969214 #6730]  INFO -- : 0:  activemodel (4.0.2) from /usr/local/rvm/gems/ruby-2.0.0-p353@railstutorial_rails_4_0/specifications/activemodel-4.0.2.gemspec
I, [2014-01-05T23:18:21.969458 #6730]  INFO -- : 0:  activerecord-deprecated_finders (1.0.3) from /usr/local/rvm/gems/ruby-2.0.0-p353@railstutorial_rails_4_0/specifications/activerecord-deprecated_finders-1.0.3.gemspec
I, [2014-01-05T23:18:21.969741 #6730]  INFO -- : 0:  arel (4.0.1) from /usr/local/rvm/gems/ruby-2.0.0-p353@railstutorial_rails_4_0/specifications/arel-4.0.1.gemspec
I, [2014-01-05T23:18:21.969993 #6730]  INFO -- : 0:  activerecord (4.0.2) from /usr/local/rvm/gems/ruby-2.0.0-p353@railstutorial_rails_4_0/specifications/activerecord-4.0.2.gemspec
I, [2014-01-05T23:18:21.970210 #6730]  INFO -- : 0:  bundler (1.5.1) from /usr/local/rvm/gems/ruby-2.0.0-p353@global/specifications/bundler-1.5.1.gemspec
I, [2014-01-05T23:18:21.970460 #6730]  INFO -- : 0:  coffee-script-source (1.6.3) from /usr/local/rvm/gems/ruby-2.0.0-p353@railstutorial_rails_4_0/specifications/coffee-script-source-1.6.3.gemspec
I, [2014-01-05T23:18:21.970746 #6730]  INFO -- : 0:  execjs (2.0.2) from /usr/local/rvm/gems/ruby-2.0.0-p353@railstutorial_rails_4_0/specifications/execjs-2.0.2.gemspec
I, [2014-01-05T23:18:21.970993 #6730]  INFO -- : 0:  coffee-script (2.2.0) from /usr/local/rvm/gems/ruby-2.0.0-p353@railstutorial_rails_4_0/specifications/coffee-script-2.2.0.gemspec
I, [2014-01-05T23:18:21.971246 #6730]  INFO -- : 0:  thor (0.18.1) from /usr/local/rvm/gems/ruby-2.0.0-p353@railstutorial_rails_4_0/specifications/thor-0.18.1.gemspec
I, [2014-01-05T23:18:21.971485 #6730]  INFO -- : 0:  railties (4.0.2) from /usr/local/rvm/gems/ruby-2.0.0-p353@railstutorial_rails_4_0/specifications/railties-4.0.2.gemspec
I, [2014-01-05T23:18:21.971793 #6730]  INFO -- : 0:  coffee-rails (4.0.1) from /usr/local/rvm/gems/ruby-2.0.0-p353@railstutorial_rails_4_0/specifications/coffee-rails-4.0.1.gemspec
I, [2014-01-05T23:18:21.972080 #6730]  INFO -- : 0:  hike (1.2.3) from /usr/local/rvm/gems/ruby-2.0.0-p353@railstutorial_rails_4_0/specifications/hike-1.2.3.gemspec
I, [2014-01-05T23:18:21.972401 #6730]  INFO -- : 0:  jbuilder (1.5.3) from /usr/local/rvm/gems/ruby-2.0.0-p353@railstutorial_rails_4_0/specifications/jbuilder-1.5.3.gemspec
I, [2014-01-05T23:18:21.972715 #6730]  INFO -- : 0:  jquery-rails (3.0.4) from /usr/local/rvm/gems/ruby-2.0.0-p353@railstutorial_rails_4_0/specifications/jquery-rails-3.0.4.gemspec
I, [2014-01-05T23:18:21.972866 #6730]  INFO -- : 0:  json (1.8.1) from /usr/local/rvm/gems/ruby-2.0.0-p353@railstutorial_rails_4_0/specifications/json-1.8.1.gemspec
I, [2014-01-05T23:18:21.973039 #6730]  INFO -- : 0:  tilt (1.4.1) from /usr/local/rvm/gems/ruby-2.0.0-p353@railstutorial_rails_4_0/specifications/tilt-1.4.1.gemspec
I, [2014-01-05T23:18:21.973358 #6730]  INFO -- : 0:  sprockets (2.10.1) from /usr/local/rvm/gems/ruby-2.0.0-p353@railstutorial_rails_4_0/specifications/sprockets-2.10.1.gemspec
I, [2014-01-05T23:18:21.973621 #6730]  INFO -- : 0:  sprockets-rails (2.0.1) from /usr/local/rvm/gems/ruby-2.0.0-p353@railstutorial_rails_4_0/specifications/sprockets-rails-2.0.1.gemspec
I, [2014-01-05T23:18:21.973860 #6730]  INFO -- : 0:  rails (4.0.2) from /usr/local/rvm/gems/ruby-2.0.0-p353@railstutorial_rails_4_0/specifications/rails-4.0.2.gemspec
I, [2014-01-05T23:18:21.974143 #6730]  INFO -- : 0:  rdoc (3.12.2) from /usr/local/rvm/gems/ruby-2.0.0-p353@railstutorial_rails_4_0/specifications/rdoc-3.12.2.gemspec
I, [2014-01-05T23:18:21.974427 #6730]  INFO -- : 0:  sass (3.2.13) from /usr/local/rvm/gems/ruby-2.0.0-p353@railstutorial_rails_4_0/specifications/sass-3.2.13.gemspec
I, [2014-01-05T23:18:21.974675 #6730]  INFO -- : 0:  sass-rails (4.0.1) from /usr/local/rvm/gems/ruby-2.0.0-p353@railstutorial_rails_4_0/specifications/sass-rails-4.0.1.gemspec
I, [2014-01-05T23:18:21.974914 #6730]  INFO -- : 0:  sdoc (0.3.20) from /usr/local/rvm/gems/ruby-2.0.0-p353@railstutorial_rails_4_0/specifications/sdoc-0.3.20.gemspec
I, [2014-01-05T23:18:21.975191 #6730]  INFO -- : 0:  sqlite3 (1.3.8) from /usr/local/rvm/gems/ruby-2.0.0-p353@railstutorial_rails_4_0/specifications/sqlite3-1.3.8.gemspec
I, [2014-01-05T23:18:21.975549 #6730]  INFO -- : 0:  turbolinks (2.1.0) from /usr/local/rvm/gems/ruby-2.0.0-p353@railstutorial_rails_4_0/specifications/turbolinks-2.1.0.gemspec
I, [2014-01-05T23:18:21.976038 #6730]  INFO -- : 0:  uglifier (2.4.0) from /usr/local/rvm/gems/ruby-2.0.0-p353@railstutorial_rails_4_0/specifications/uglifier-2.4.0.gemspec
I, [2014-01-05T23:22:03.943446 #6764]  INFO -- : 0:  rake (10.1.1) from /usr/local/rvm/gems/ruby-2.0.0-p353@railstutorial_rails_4_0/specifications/rake-10.1.1.gemspec
I, [2014-01-05T23:22:03.944077 #6764]  INFO -- : 0:  i18n (0.6.9) from /usr/local/rvm/gems/ruby-2.0.0-p353@railstutorial_rails_4_0/specifications/i18n-0.6.9.gemspec
I, [2014-01-05T23:22:03.944264 #6764]  INFO -- : 0:  minitest (4.7.5) from /usr/local/rvm/gems/ruby-2.0.0-p353@railstutorial_rails_4_0/specifications/minitest-4.7.5.gemspec
I, [2014-01-05T23:22:03.945673 #6764]  INFO -- : 0:  multi_json (1.8.2) from /usr/local/rvm/gems/ruby-2.0.0-p353@railstutorial_rails_4_0/specifications/multi_json-1.8.2.gemspec
I, [2014-01-05T23:22:03.946218 #6764]  INFO -- : 0:  atomic (1.1.14) from /usr/local/rvm/gems/ruby-2.0.0-p353@railstutorial_rails_4_0/specifications/atomic-1.1.14.gemspec
I, [2014-01-05T23:22:03.946726 #6764]  INFO -- : 0:  thread_safe (0.1.3) from /usr/local/rvm/gems/ruby-2.0.0-p353@railstutorial_rails_4_0/specifications/thread_safe-0.1.3.gemspec
I, [2014-01-05T23:22:03.947160 #6764]  INFO -- : 0:  tzinfo (0.3.38) from /usr/local/rvm/gems/ruby-2.0.0-p353@railstutorial_rails_4_0/specifications/tzinfo-0.3.38.gemspec
I, [2014-01-05T23:22:03.947525 #6764]  INFO -- : 0:  activesupport (4.0.2) from /usr/local/rvm/gems/ruby-2.0.0-p353@railstutorial_rails_4_0/specifications/activesupport-4.0.2.gemspec
I, [2014-01-05T23:22:03.947894 #6764]  INFO -- : 0:  builder (3.1.4) from /usr/local/rvm/gems/ruby-2.0.0-p353@railstutorial_rails_4_0/specifications/builder-3.1.4.gemspec
I, [2014-01-05T23:22:03.948233 #6764]  INFO -- : 0:  erubis (2.7.0) from /usr/local/rvm/gems/ruby-2.0.0-p353@railstutorial_rails_4_0/specifications/erubis-2.7.0.gemspec
I, [2014-01-05T23:22:03.948574 #6764]  INFO -- : 0:  rack (1.5.2) from /usr/local/rvm/gems/ruby-2.0.0-p353@railstutorial_rails_4_0/specifications/rack-1.5.2.gemspec
I, [2014-01-05T23:22:03.948895 #6764]  INFO -- : 0:  rack-test (0.6.2) from /usr/local/rvm/gems/ruby-2.0.0-p353@railstutorial_rails_4_0/specifications/rack-test-0.6.2.gemspec
I, [2014-01-05T23:22:03.949296 #6764]  INFO -- : 0:  actionpack (4.0.2) from /usr/local/rvm/gems/ruby-2.0.0-p353@railstutorial_rails_4_0/specifications/actionpack-4.0.2.gemspec
I, [2014-01-05T23:22:03.949717 #6764]  INFO -- : 0:  mime-types (1.25.1) from /usr/local/rvm/gems/ruby-2.0.0-p353@railstutorial_rails_4_0/specifications/mime-types-1.25.1.gemspec
I, [2014-01-05T23:22:03.952994 #6764]  INFO -- : 0:  polyglot (0.3.3) from /usr/local/rvm/gems/ruby-2.0.0-p353@railstutorial_rails_4_0/specifications/polyglot-0.3.3.gemspec
I, [2014-01-05T23:22:03.953462 #6764]  INFO -- : 0:  treetop (1.4.15) from /usr/local/rvm/gems/ruby-2.0.0-p353@railstutorial_rails_4_0/specifications/treetop-1.4.15.gemspec
I, [2014-01-05T23:22:03.953754 #6764]  INFO -- : 0:  mail (2.5.4) from /usr/local/rvm/gems/ruby-2.0.0-p353@railstutorial_rails_4_0/specifications/mail-2.5.4.gemspec
I, [2014-01-05T23:22:03.954062 #6764]  INFO -- : 0:  actionmailer (4.0.2) from /usr/local/rvm/gems/ruby-2.0.0-p353@railstutorial_rails_4_0/specifications/actionmailer-4.0.2.gemspec
I, [2014-01-05T23:22:03.954523 #6764]  INFO -- : 0:  activemodel (4.0.2) from /usr/local/rvm/gems/ruby-2.0.0-p353@railstutorial_rails_4_0/specifications/activemodel-4.0.2.gemspec
I, [2014-01-05T23:22:03.954903 #6764]  INFO -- : 0:  activerecord-deprecated_finders (1.0.3) from /usr/local/rvm/gems/ruby-2.0.0-p353@railstutorial_rails_4_0/specifications/activerecord-deprecated_finders-1.0.3.gemspec
I, [2014-01-05T23:22:03.955247 #6764]  INFO -- : 0:  arel (4.0.1) from /usr/local/rvm/gems/ruby-2.0.0-p353@railstutorial_rails_4_0/specifications/arel-4.0.1.gemspec
I, [2014-01-05T23:22:03.955572 #6764]  INFO -- : 0:  activerecord (4.0.2) from /usr/local/rvm/gems/ruby-2.0.0-p353@railstutorial_rails_4_0/specifications/activerecord-4.0.2.gemspec
I, [2014-01-05T23:22:03.955846 #6764]  INFO -- : 0:  bundler (1.5.1) from /usr/local/rvm/gems/ruby-2.0.0-p353@global/specifications/bundler-1.5.1.gemspec
I, [2014-01-05T23:22:03.956205 #6764]  INFO -- : 0:  mini_portile (0.5.2) from /usr/local/rvm/gems/ruby-2.0.0-p353@railstutorial_rails_4_0/specifications/mini_portile-0.5.2.gemspec
I, [2014-01-05T23:22:03.956586 #6764]  INFO -- : 0:  nokogiri (1.6.1) from /usr/local/rvm/gems/ruby-2.0.0-p353@railstutorial_rails_4_0/specifications/nokogiri-1.6.1.gemspec
I, [2014-01-05T23:22:03.956665 #6764]  INFO -- : 0:  xpath (2.0.0) from /usr/local/rvm/gems/ruby-2.0.0-p353@railstutorial_rails_4_0/specifications/xpath-2.0.0.gemspec
I, [2014-01-05T23:22:03.956984 #6764]  INFO -- : 0:  capybara (2.1.0) from /usr/local/rvm/gems/ruby-2.0.0-p353@railstutorial_rails_4_0/specifications/capybara-2.1.0.gemspec
I, [2014-01-05T23:22:03.957272 #6764]  INFO -- : 0:  ffi (1.9.3) from /usr/local/rvm/gems/ruby-2.0.0-p353@railstutorial_rails_4_0/specifications/ffi-1.9.3.gemspec
I, [2014-01-05T23:22:03.957577 #6764]  INFO -- : 0:  childprocess (0.3.9) from /usr/local/rvm/gems/ruby-2.0.0-p353@railstutorial_rails_4_0/specifications/childprocess-0.3.9.gemspec
I, [2014-01-05T23:22:03.957933 #6764]  INFO -- : 0:  coffee-script-source (1.6.3) from /usr/local/rvm/gems/ruby-2.0.0-p353@railstutorial_rails_4_0/specifications/coffee-script-source-1.6.3.gemspec
I, [2014-01-05T23:22:03.958245 #6764]  INFO -- : 0:  execjs (2.0.2) from /usr/local/rvm/gems/ruby-2.0.0-p353@railstutorial_rails_4_0/specifications/execjs-2.0.2.gemspec
I, [2014-01-05T23:22:03.958554 #6764]  INFO -- : 0:  coffee-script (2.2.0) from /usr/local/rvm/gems/ruby-2.0.0-p353@railstutorial_rails_4_0/specifications/coffee-script-2.2.0.gemspec
I, [2014-01-05T23:22:03.958867 #6764]  INFO -- : 0:  thor (0.18.1) from /usr/local/rvm/gems/ruby-2.0.0-p353@railstutorial_rails_4_0/specifications/thor-0.18.1.gemspec
I, [2014-01-05T23:22:03.959170 #6764]  INFO -- : 0:  railties (4.0.2) from /usr/local/rvm/gems/ruby-2.0.0-p353@railstutorial_rails_4_0/specifications/railties-4.0.2.gemspec
I, [2014-01-05T23:22:03.959473 #6764]  INFO -- : 0:  coffee-rails (4.0.1) from /usr/local/rvm/gems/ruby-2.0.0-p353@railstutorial_rails_4_0/specifications/coffee-rails-4.0.1.gemspec
I, [2014-01-05T23:22:03.959751 #6764]  INFO -- : 0:  diff-lcs (1.2.5) from /usr/local/rvm/gems/ruby-2.0.0-p353@railstutorial_rails_4_0/specifications/diff-lcs-1.2.5.gemspec
I, [2014-01-05T23:22:03.960091 #6764]  INFO -- : 0:  hike (1.2.3) from /usr/local/rvm/gems/ruby-2.0.0-p353@railstutorial_rails_4_0/specifications/hike-1.2.3.gemspec
I, [2014-01-05T23:22:03.960378 #6764]  INFO -- : 0:  jbuilder (1.0.2) from /usr/local/rvm/gems/ruby-2.0.0-p353@railstutorial_rails_4_0/specifications/jbuilder-1.0.2.gemspec
I, [2014-01-05T23:22:03.961557 #6764]  INFO -- : 0:  jquery-rails (3.0.4) from /usr/local/rvm/gems/ruby-2.0.0-p353@railstutorial_rails_4_0/specifications/jquery-rails-3.0.4.gemspec
I, [2014-01-05T23:22:03.961928 #6764]  INFO -- : 0:  json (1.8.1) from /usr/local/rvm/gems/ruby-2.0.0-p353@railstutorial_rails_4_0/specifications/json-1.8.1.gemspec
I, [2014-01-05T23:22:03.962290 #6764]  INFO -- : 0:  tilt (1.4.1) from /usr/local/rvm/gems/ruby-2.0.0-p353@railstutorial_rails_4_0/specifications/tilt-1.4.1.gemspec
I, [2014-01-05T23:22:03.962654 #6764]  INFO -- : 0:  sprockets (2.10.1) from /usr/local/rvm/gems/ruby-2.0.0-p353@railstutorial_rails_4_0/specifications/sprockets-2.10.1.gemspec
I, [2014-01-05T23:22:03.963002 #6764]  INFO -- : 0:  sprockets-rails (2.0.1) from /usr/local/rvm/gems/ruby-2.0.0-p353@railstutorial_rails_4_0/specifications/sprockets-rails-2.0.1.gemspec
I, [2014-01-05T23:22:03.963360 #6764]  INFO -- : 0:  rails (4.0.2) from /usr/local/rvm/gems/ruby-2.0.0-p353@railstutorial_rails_4_0/specifications/rails-4.0.2.gemspec
I, [2014-01-05T23:22:03.963699 #6764]  INFO -- : 0:  rdoc (3.12.2) from /usr/local/rvm/gems/ruby-2.0.0-p353@railstutorial_rails_4_0/specifications/rdoc-3.12.2.gemspec
I, [2014-01-05T23:22:03.964098 #6764]  INFO -- : 0:  rspec-core (2.13.1) from /usr/local/rvm/gems/ruby-2.0.0-p353@railstutorial_rails_4_0/specifications/rspec-core-2.13.1.gemspec
I, [2014-01-05T23:22:03.964546 #6764]  INFO -- : 0:  rspec-expectations (2.13.0) from /usr/local/rvm/gems/ruby-2.0.0-p353@railstutorial_rails_4_0/specifications/rspec-expectations-2.13.0.gemspec
I, [2014-01-05T23:22:03.964916 #6764]  INFO -- : 0:  rspec-mocks (2.13.1) from /usr/local/rvm/gems/ruby-2.0.0-p353@railstutorial_rails_4_0/specifications/rspec-mocks-2.13.1.gemspec
I, [2014-01-05T23:22:03.965240 #6764]  INFO -- : 0:  rspec-rails (2.13.1) from /usr/local/rvm/gems/ruby-2.0.0-p353@railstutorial_rails_4_0/specifications/rspec-rails-2.13.1.gemspec
I, [2014-01-05T23:22:03.965602 #6764]  INFO -- : 0:  rubyzip (0.9.9) from /usr/local/rvm/gems/ruby-2.0.0-p353@railstutorial_rails_4_0/specifications/rubyzip-0.9.9.gemspec
I, [2014-01-05T23:22:03.965928 #6764]  INFO -- : 0:  sass (3.2.13) from /usr/local/rvm/gems/ruby-2.0.0-p353@railstutorial_rails_4_0/specifications/sass-3.2.13.gemspec
I, [2014-01-05T23:22:03.966280 #6764]  INFO -- : 0:  sass-rails (4.0.1) from /usr/local/rvm/gems/ruby-2.0.0-p353@railstutorial_rails_4_0/specifications/sass-rails-4.0.1.gemspec
I, [2014-01-05T23:22:03.966829 #6764]  INFO -- : 0:  sdoc (0.3.20) from /usr/local/rvm/gems/ruby-2.0.0-p353@railstutorial_rails_4_0/specifications/sdoc-0.3.20.gemspec
I, [2014-01-05T23:22:03.967275 #6764]  INFO -- : 0:  websocket (1.0.7) from /usr/local/rvm/gems/ruby-2.0.0-p353@railstutorial_rails_4_0/specifications/websocket-1.0.7.gemspec
I, [2014-01-05T23:22:03.967625 #6764]  INFO -- : 0:  selenium-webdriver (2.35.1) from /usr/local/rvm/gems/ruby-2.0.0-p353@railstutorial_rails_4_0/specifications/selenium-webdriver-2.35.1.gemspec
I, [2014-01-05T23:22:03.967980 #6764]  INFO -- : 0:  sqlite3 (1.3.8) from /usr/local/rvm/gems/ruby-2.0.0-p353@railstutorial_rails_4_0/specifications/sqlite3-1.3.8.gemspec
I, [2014-01-05T23:22:03.968342 #6764]  INFO -- : 0:  turbolinks (1.1.1) from /usr/local/rvm/gems/ruby-2.0.0-p353@railstutorial_rails_4_0/specifications/turbolinks-1.1.1.gemspec
I, [2014-01-05T23:22:03.969068 #6764]  INFO -- : 0:  uglifier (2.1.1) from /usr/local/rvm/gems/ruby-2.0.0-p353@railstutorial_rails_4_0/specifications/uglifier-2.1.1.gemspec
I, [2014-01-05T23:25:48.828738 #6766]  INFO -- : 0:  rake (10.1.1) from /usr/local/rvm/gems/ruby-2.0.0-p353@railstutorial_rails_4_0/specifications/rake-10.1.1.gemspec
I, [2014-01-05T23:25:48.832287 #6766]  INFO -- : 0:  i18n (0.6.9) from /usr/local/rvm/gems/ruby-2.0.0-p353@railstutorial_rails_4_0/specifications/i18n-0.6.9.gemspec
I, [2014-01-05T23:25:48.832863 #6766]  INFO -- : 0:  minitest (4.7.5) from /usr/local/rvm/gems/ruby-2.0.0-p353@railstutorial_rails_4_0/specifications/minitest-4.7.5.gemspec
I, [2014-01-05T23:25:48.833233 #6766]  INFO -- : 0:  multi_json (1.8.2) from /usr/local/rvm/gems/ruby-2.0.0-p353@railstutorial_rails_4_0/specifications/multi_json-1.8.2.gemspec
I, [2014-01-05T23:25:48.833570 #6766]  INFO -- : 0:  atomic (1.1.14) from /usr/local/rvm/gems/ruby-2.0.0-p353@railstutorial_rails_4_0/specifications/atomic-1.1.14.gemspec
I, [2014-01-05T23:25:48.834007 #6766]  INFO -- : 0:  thread_safe (0.1.3) from /usr/local/rvm/gems/ruby-2.0.0-p353@railstutorial_rails_4_0/specifications/thread_safe-0.1.3.gemspec
I, [2014-01-05T23:25:48.834341 #6766]  INFO -- : 0:  tzinfo (0.3.38) from /usr/local/rvm/gems/ruby-2.0.0-p353@railstutorial_rails_4_0/specifications/tzinfo-0.3.38.gemspec
I, [2014-01-05T23:25:48.834694 #6766]  INFO -- : 0:  activesupport (4.0.2) from /usr/local/rvm/gems/ruby-2.0.0-p353@railstutorial_rails_4_0/specifications/activesupport-4.0.2.gemspec
I, [2014-01-05T23:25:48.835020 #6766]  INFO -- : 0:  builder (3.1.4) from /usr/local/rvm/gems/ruby-2.0.0-p353@railstutorial_rails_4_0/specifications/builder-3.1.4.gemspec
I, [2014-01-05T23:25:48.835340 #6766]  INFO -- : 0:  erubis (2.7.0) from /usr/local/rvm/gems/ruby-2.0.0-p353@railstutorial_rails_4_0/specifications/erubis-2.7.0.gemspec
I, [2014-01-05T23:25:48.835688 #6766]  INFO -- : 0:  rack (1.5.2) from /usr/local/rvm/gems/ruby-2.0.0-p353@railstutorial_rails_4_0/specifications/rack-1.5.2.gemspec
I, [2014-01-05T23:25:48.836015 #6766]  INFO -- : 0:  rack-test (0.6.2) from /usr/local/rvm/gems/ruby-2.0.0-p353@railstutorial_rails_4_0/specifications/rack-test-0.6.2.gemspec
I, [2014-01-05T23:25:48.836392 #6766]  INFO -- : 0:  actionpack (4.0.2) from /usr/local/rvm/gems/ruby-2.0.0-p353@railstutorial_rails_4_0/specifications/actionpack-4.0.2.gemspec
I, [2014-01-05T23:25:48.836513 #6766]  INFO -- : 0:  mime-types (1.25.1) from /usr/local/rvm/gems/ruby-2.0.0-p353@railstutorial_rails_4_0/specifications/mime-types-1.25.1.gemspec
I, [2014-01-05T23:25:48.836844 #6766]  INFO -- : 0:  polyglot (0.3.3) from /usr/local/rvm/gems/ruby-2.0.0-p353@railstutorial_rails_4_0/specifications/polyglot-0.3.3.gemspec
I, [2014-01-05T23:25:48.837161 #6766]  INFO -- : 0:  treetop (1.4.15) from /usr/local/rvm/gems/ruby-2.0.0-p353@railstutorial_rails_4_0/specifications/treetop-1.4.15.gemspec
I, [2014-01-05T23:25:48.849839 #6766]  INFO -- : 0:  mail (2.5.4) from /usr/local/rvm/gems/ruby-2.0.0-p353@railstutorial_rails_4_0/specifications/mail-2.5.4.gemspec
I, [2014-01-05T23:25:48.850182 #6766]  INFO -- : 0:  actionmailer (4.0.2) from /usr/local/rvm/gems/ruby-2.0.0-p353@railstutorial_rails_4_0/specifications/actionmailer-4.0.2.gemspec
I, [2014-01-05T23:25:48.850545 #6766]  INFO -- : 0:  activemodel (4.0.2) from /usr/local/rvm/gems/ruby-2.0.0-p353@railstutorial_rails_4_0/specifications/activemodel-4.0.2.gemspec
I, [2014-01-05T23:25:48.850853 #6766]  INFO -- : 0:  activerecord-deprecated_finders (1.0.3) from /usr/local/rvm/gems/ruby-2.0.0-p353@railstutorial_rails_4_0/specifications/activerecord-deprecated_finders-1.0.3.gemspec
I, [2014-01-05T23:25:48.851131 #6766]  INFO -- : 0:  arel (4.0.1) from /usr/local/rvm/gems/ruby-2.0.0-p353@railstutorial_rails_4_0/specifications/arel-4.0.1.gemspec
I, [2014-01-05T23:25:48.851462 #6766]  INFO -- : 0:  activerecord (4.0.2) from /usr/local/rvm/gems/ruby-2.0.0-p353@railstutorial_rails_4_0/specifications/activerecord-4.0.2.gemspec
I, [2014-01-05T23:25:48.851732 #6766]  INFO -- : 0:  bundler (1.5.1) from /usr/local/rvm/gems/ruby-2.0.0-p353@global/specifications/bundler-1.5.1.gemspec
I, [2014-01-05T23:25:48.852037 #6766]  INFO -- : 0:  mini_portile (0.5.2) from /usr/local/rvm/gems/ruby-2.0.0-p353@railstutorial_rails_4_0/specifications/mini_portile-0.5.2.gemspec
I, [2014-01-05T23:25:48.852329 #6766]  INFO -- : 0:  nokogiri (1.6.1) from /usr/local/rvm/gems/ruby-2.0.0-p353@railstutorial_rails_4_0/specifications/nokogiri-1.6.1.gemspec
I, [2014-01-05T23:25:48.852640 #6766]  INFO -- : 0:  xpath (2.0.0) from /usr/local/rvm/gems/ruby-2.0.0-p353@railstutorial_rails_4_0/specifications/xpath-2.0.0.gemspec
I, [2014-01-05T23:25:48.852780 #6766]  INFO -- : 0:  capybara (2.1.0) from /usr/local/rvm/gems/ruby-2.0.0-p353@railstutorial_rails_4_0/specifications/capybara-2.1.0.gemspec
I, [2014-01-05T23:25:48.852978 #6766]  INFO -- : 0:  ffi (1.9.3) from /usr/local/rvm/gems/ruby-2.0.0-p353@railstutorial_rails_4_0/specifications/ffi-1.9.3.gemspec
I, [2014-01-05T23:25:48.853256 #6766]  INFO -- : 0:  childprocess (0.3.9) from /usr/local/rvm/gems/ruby-2.0.0-p353@railstutorial_rails_4_0/specifications/childprocess-0.3.9.gemspec
I, [2014-01-05T23:25:48.853530 #6766]  INFO -- : 0:  coffee-script-source (1.6.3) from /usr/local/rvm/gems/ruby-2.0.0-p353@railstutorial_rails_4_0/specifications/coffee-script-source-1.6.3.gemspec
I, [2014-01-05T23:25:48.853833 #6766]  INFO -- : 0:  execjs (2.0.2) from /usr/local/rvm/gems/ruby-2.0.0-p353@railstutorial_rails_4_0/specifications/execjs-2.0.2.gemspec
I, [2014-01-05T23:25:48.854140 #6766]  INFO -- : 0:  coffee-script (2.2.0) from /usr/local/rvm/gems/ruby-2.0.0-p353@railstutorial_rails_4_0/specifications/coffee-script-2.2.0.gemspec
I, [2014-01-05T23:25:48.854449 #6766]  INFO -- : 0:  thor (0.18.1) from /usr/local/rvm/gems/ruby-2.0.0-p353@railstutorial_rails_4_0/specifications/thor-0.18.1.gemspec
I, [2014-01-05T23:25:48.854723 #6766]  INFO -- : 0:  railties (4.0.2) from /usr/local/rvm/gems/ruby-2.0.0-p353@railstutorial_rails_4_0/specifications/railties-4.0.2.gemspec
I, [2014-01-05T23:25:48.855090 #6766]  INFO -- : 0:  coffee-rails (4.0.1) from /usr/local/rvm/gems/ruby-2.0.0-p353@railstutorial_rails_4_0/specifications/coffee-rails-4.0.1.gemspec
I, [2014-01-05T23:25:48.855379 #6766]  INFO -- : 0:  diff-lcs (1.2.5) from /usr/local/rvm/gems/ruby-2.0.0-p353@railstutorial_rails_4_0/specifications/diff-lcs-1.2.5.gemspec
I, [2014-01-05T23:25:48.855679 #6766]  INFO -- : 0:  hike (1.2.3) from /usr/local/rvm/gems/ruby-2.0.0-p353@railstutorial_rails_4_0/specifications/hike-1.2.3.gemspec
I, [2014-01-05T23:25:48.855992 #6766]  INFO -- : 0:  jbuilder (1.0.2) from /usr/local/rvm/gems/ruby-2.0.0-p353@railstutorial_rails_4_0/specifications/jbuilder-1.0.2.gemspec
I, [2014-01-05T23:25:48.856310 #6766]  INFO -- : 0:  jquery-rails (3.0.4) from /usr/local/rvm/gems/ruby-2.0.0-p353@railstutorial_rails_4_0/specifications/jquery-rails-3.0.4.gemspec
I, [2014-01-05T23:25:48.857936 #6766]  INFO -- : 0:  json (1.8.1) from /usr/local/rvm/gems/ruby-2.0.0-p353@railstutorial_rails_4_0/specifications/json-1.8.1.gemspec
I, [2014-01-05T23:25:48.858345 #6766]  INFO -- : 0:  tilt (1.4.1) from /usr/local/rvm/gems/ruby-2.0.0-p353@railstutorial_rails_4_0/specifications/tilt-1.4.1.gemspec
I, [2014-01-05T23:25:48.858668 #6766]  INFO -- : 0:  sprockets (2.10.1) from /usr/local/rvm/gems/ruby-2.0.0-p353@railstutorial_rails_4_0/specifications/sprockets-2.10.1.gemspec
I, [2014-01-05T23:25:48.858997 #6766]  INFO -- : 0:  sprockets-rails (2.0.1) from /usr/local/rvm/gems/ruby-2.0.0-p353@railstutorial_rails_4_0/specifications/sprockets-rails-2.0.1.gemspec
I, [2014-01-05T23:25:48.859383 #6766]  INFO -- : 0:  rails (4.0.2) from /usr/local/rvm/gems/ruby-2.0.0-p353@railstutorial_rails_4_0/specifications/rails-4.0.2.gemspec
I, [2014-01-05T23:25:48.859671 #6766]  INFO -- : 0:  rdoc (3.12.2) from /usr/local/rvm/gems/ruby-2.0.0-p353@railstutorial_rails_4_0/specifications/rdoc-3.12.2.gemspec
I, [2014-01-05T23:25:48.862928 #6766]  INFO -- : 0:  rspec-core (2.13.1) from /usr/local/rvm/gems/ruby-2.0.0-p353@railstutorial_rails_4_0/specifications/rspec-core-2.13.1.gemspec
I, [2014-01-05T23:25:48.863362 #6766]  INFO -- : 0:  rspec-expectations (2.13.0) from /usr/local/rvm/gems/ruby-2.0.0-p353@railstutorial_rails_4_0/specifications/rspec-expectations-2.13.0.gemspec
I, [2014-01-05T23:25:48.863378 #6766]  INFO -- : 0:  rspec-mocks (2.13.1) from /usr/local/rvm/gems/ruby-2.0.0-p353@railstutorial_rails_4_0/specifications/rspec-mocks-2.13.1.gemspec
I, [2014-01-05T23:25:48.863697 #6766]  INFO -- : 0:  rspec-rails (2.13.1) from /usr/local/rvm/gems/ruby-2.0.0-p353@railstutorial_rails_4_0/specifications/rspec-rails-2.13.1.gemspec
I, [2014-01-05T23:25:48.863990 #6766]  INFO -- : 0:  rubyzip (0.9.9) from /usr/local/rvm/gems/ruby-2.0.0-p353@railstutorial_rails_4_0/specifications/rubyzip-0.9.9.gemspec
I, [2014-01-05T23:25:48.864162 #6766]  INFO -- : 0:  sass (3.2.13) from /usr/local/rvm/gems/ruby-2.0.0-p353@railstutorial_rails_4_0/specifications/sass-3.2.13.gemspec
I, [2014-01-05T23:25:48.864522 #6766]  INFO -- : 0:  sass-rails (4.0.1) from /usr/local/rvm/gems/ruby-2.0.0-p353@railstutorial_rails_4_0/specifications/sass-rails-4.0.1.gemspec
I, [2014-01-05T23:25:48.865641 #6766]  INFO -- : 0:  sdoc (0.3.20) from /usr/local/rvm/gems/ruby-2.0.0-p353@railstutorial_rails_4_0/specifications/sdoc-0.3.20.gemspec
I, [2014-01-05T23:25:48.865972 #6766]  INFO -- : 0:  websocket (1.0.7) from /usr/local/rvm/gems/ruby-2.0.0-p353@railstutorial_rails_4_0/specifications/websocket-1.0.7.gemspec
I, [2014-01-05T23:25:48.866376 #6766]  INFO -- : 0:  selenium-webdriver (2.35.1) from /usr/local/rvm/gems/ruby-2.0.0-p353@railstutorial_rails_4_0/specifications/selenium-webdriver-2.35.1.gemspec
I, [2014-01-05T23:25:48.866703 #6766]  INFO -- : 0:  sqlite3 (1.3.8) from /usr/local/rvm/gems/ruby-2.0.0-p353@railstutorial_rails_4_0/specifications/sqlite3-1.3.8.gemspec
I, [2014-01-05T23:25:48.867000 #6766]  INFO -- : 0:  turbolinks (1.1.1) from /usr/local/rvm/gems/ruby-2.0.0-p353@railstutorial_rails_4_0/specifications/turbolinks-1.1.1.gemspec
I, [2014-01-05T23:25:48.867324 #6766]  INFO -- : 0:  uglifier (2.1.1) from /usr/local/rvm/gems/ruby-2.0.0-p353@railstutorial_rails_4_0/specifications/uglifier-2.1.1.gemspec
I, [2014-01-05T23:26:39.335865 #6770]  INFO -- : 0:  rake (10.1.1) from /usr/local/rvm/gems/ruby-2.0.0-p353@railstutorial_rails_4_0/specifications/rake-10.1.1.gemspec
I, [2014-01-05T23:26:39.336291 #6770]  INFO -- : 0:  i18n (0.6.9) from /usr/local/rvm/gems/ruby-2.0.0-p353@railstutorial_rails_4_0/specifications/i18n-0.6.9.gemspec
I, [2014-01-05T23:26:39.336706 #6770]  INFO -- : 0:  minitest (4.7.5) from /usr/local/rvm/gems/ruby-2.0.0-p353@railstutorial_rails_4_0/specifications/minitest-4.7.5.gemspec
I, [2014-01-05T23:26:39.337004 #6770]  INFO -- : 0:  multi_json (1.8.2) from /usr/local/rvm/gems/ruby-2.0.0-p353@railstutorial_rails_4_0/specifications/multi_json-1.8.2.gemspec
I, [2014-01-05T23:26:39.337335 #6770]  INFO -- : 0:  atomic (1.1.14) from /usr/local/rvm/gems/ruby-2.0.0-p353@railstutorial_rails_4_0/specifications/atomic-1.1.14.gemspec
I, [2014-01-05T23:26:39.337635 #6770]  INFO -- : 0:  thread_safe (0.1.3) from /usr/local/rvm/gems/ruby-2.0.0-p353@railstutorial_rails_4_0/specifications/thread_safe-0.1.3.gemspec
I, [2014-01-05T23:26:39.337935 #6770]  INFO -- : 0:  tzinfo (0.3.38) from /usr/local/rvm/gems/ruby-2.0.0-p353@railstutorial_rails_4_0/specifications/tzinfo-0.3.38.gemspec
I, [2014-01-05T23:26:39.338215 #6770]  INFO -- : 0:  activesupport (4.0.2) from /usr/local/rvm/gems/ruby-2.0.0-p353@railstutorial_rails_4_0/specifications/activesupport-4.0.2.gemspec
I, [2014-01-05T23:26:39.338568 #6770]  INFO -- : 0:  builder (3.1.4) from /usr/local/rvm/gems/ruby-2.0.0-p353@railstutorial_rails_4_0/specifications/builder-3.1.4.gemspec
I, [2014-01-05T23:26:39.338873 #6770]  INFO -- : 0:  erubis (2.7.0) from /usr/local/rvm/gems/ruby-2.0.0-p353@railstutorial_rails_4_0/specifications/erubis-2.7.0.gemspec
I, [2014-01-05T23:26:39.339151 #6770]  INFO -- : 0:  rack (1.5.2) from /usr/local/rvm/gems/ruby-2.0.0-p353@railstutorial_rails_4_0/specifications/rack-1.5.2.gemspec
I, [2014-01-05T23:26:39.339493 #6770]  INFO -- : 0:  rack-test (0.6.2) from /usr/local/rvm/gems/ruby-2.0.0-p353@railstutorial_rails_4_0/specifications/rack-test-0.6.2.gemspec
I, [2014-01-05T23:26:39.339812 #6770]  INFO -- : 0:  actionpack (4.0.2) from /usr/local/rvm/gems/ruby-2.0.0-p353@railstutorial_rails_4_0/specifications/actionpack-4.0.2.gemspec
I, [2014-01-05T23:26:39.340111 #6770]  INFO -- : 0:  mime-types (1.25.1) from /usr/local/rvm/gems/ruby-2.0.0-p353@railstutorial_rails_4_0/specifications/mime-types-1.25.1.gemspec
I, [2014-01-05T23:26:39.340461 #6770]  INFO -- : 0:  polyglot (0.3.3) from /usr/local/rvm/gems/ruby-2.0.0-p353@railstutorial_rails_4_0/specifications/polyglot-0.3.3.gemspec
I, [2014-01-05T23:26:39.340785 #6770]  INFO -- : 0:  treetop (1.4.15) from /usr/local/rvm/gems/ruby-2.0.0-p353@railstutorial_rails_4_0/specifications/treetop-1.4.15.gemspec
I, [2014-01-05T23:26:39.341146 #6770]  INFO -- : 0:  mail (2.5.4) from /usr/local/rvm/gems/ruby-2.0.0-p353@railstutorial_rails_4_0/specifications/mail-2.5.4.gemspec
I, [2014-01-05T23:26:39.341502 #6770]  INFO -- : 0:  actionmailer (4.0.2) from /usr/local/rvm/gems/ruby-2.0.0-p353@railstutorial_rails_4_0/specifications/actionmailer-4.0.2.gemspec
I, [2014-01-05T23:26:39.341834 #6770]  INFO -- : 0:  activemodel (4.0.2) from /usr/local/rvm/gems/ruby-2.0.0-p353@railstutorial_rails_4_0/specifications/activemodel-4.0.2.gemspec
I, [2014-01-05T23:26:39.342210 #6770]  INFO -- : 0:  activerecord-deprecated_finders (1.0.3) from /usr/local/rvm/gems/ruby-2.0.0-p353@railstutorial_rails_4_0/specifications/activerecord-deprecated_finders-1.0.3.gemspec
I, [2014-01-05T23:26:39.342567 #6770]  INFO -- : 0:  arel (4.0.1) from /usr/local/rvm/gems/ruby-2.0.0-p353@railstutorial_rails_4_0/specifications/arel-4.0.1.gemspec
I, [2014-01-05T23:26:39.342898 #6770]  INFO -- : 0:  activerecord (4.0.2) from /usr/local/rvm/gems/ruby-2.0.0-p353@railstutorial_rails_4_0/specifications/activerecord-4.0.2.gemspec
I, [2014-01-05T23:26:39.343291 #6770]  INFO -- : 0:  mini_portile (0.5.2) from /usr/local/rvm/gems/ruby-2.0.0-p353@railstutorial_rails_4_0/specifications/mini_portile-0.5.2.gemspec
I, [2014-01-05T23:26:39.344631 #6770]  INFO -- : 0:  nokogiri (1.6.1) from /usr/local/rvm/gems/ruby-2.0.0-p353@railstutorial_rails_4_0/specifications/nokogiri-1.6.1.gemspec
I, [2014-01-05T23:26:39.345042 #6770]  INFO -- : 0:  xpath (2.0.0) from /usr/local/rvm/gems/ruby-2.0.0-p353@railstutorial_rails_4_0/specifications/xpath-2.0.0.gemspec
I, [2014-01-05T23:26:39.345335 #6770]  INFO -- : 0:  capybara (2.1.0) from /usr/local/rvm/gems/ruby-2.0.0-p353@railstutorial_rails_4_0/specifications/capybara-2.1.0.gemspec
I, [2014-01-05T23:26:39.345644 #6770]  INFO -- : 0:  ffi (1.9.3) from /usr/local/rvm/gems/ruby-2.0.0-p353@railstutorial_rails_4_0/specifications/ffi-1.9.3.gemspec
I, [2014-01-05T23:26:39.346021 #6770]  INFO -- : 0:  childprocess (0.3.9) from /usr/local/rvm/gems/ruby-2.0.0-p353@railstutorial_rails_4_0/specifications/childprocess-0.3.9.gemspec
I, [2014-01-05T23:26:39.346376 #6770]  INFO -- : 0:  coffee-script-source (1.6.3) from /usr/local/rvm/gems/ruby-2.0.0-p353@railstutorial_rails_4_0/specifications/coffee-script-source-1.6.3.gemspec
I, [2014-01-05T23:26:39.346712 #6770]  INFO -- : 0:  execjs (2.0.2) from /usr/local/rvm/gems/ruby-2.0.0-p353@railstutorial_rails_4_0/specifications/execjs-2.0.2.gemspec
I, [2014-01-05T23:26:39.347044 #6770]  INFO -- : 0:  coffee-script (2.2.0) from /usr/local/rvm/gems/ruby-2.0.0-p353@railstutorial_rails_4_0/specifications/coffee-script-2.2.0.gemspec
I, [2014-01-05T23:26:39.347323 #6770]  INFO -- : 0:  thor (0.18.1) from /usr/local/rvm/gems/ruby-2.0.0-p353@railstutorial_rails_4_0/specifications/thor-0.18.1.gemspec
I, [2014-01-05T23:26:39.347620 #6770]  INFO -- : 0:  railties (4.0.2) from /usr/local/rvm/gems/ruby-2.0.0-p353@railstutorial_rails_4_0/specifications/railties-4.0.2.gemspec
I, [2014-01-05T23:26:39.347962 #6770]  INFO -- : 0:  coffee-rails (4.0.1) from /usr/local/rvm/gems/ruby-2.0.0-p353@railstutorial_rails_4_0/specifications/coffee-rails-4.0.1.gemspec
I, [2014-01-05T23:26:39.348291 #6770]  INFO -- : 0:  diff-lcs (1.2.5) from /usr/local/rvm/gems/ruby-2.0.0-p353@railstutorial_rails_4_0/specifications/diff-lcs-1.2.5.gemspec
I, [2014-01-05T23:26:39.348585 #6770]  INFO -- : 0:  hike (1.2.3) from /usr/local/rvm/gems/ruby-2.0.0-p353@railstutorial_rails_4_0/specifications/hike-1.2.3.gemspec
I, [2014-01-05T23:26:39.348629 #6770]  INFO -- : 0:  jbuilder (1.0.2) from /usr/local/rvm/gems/ruby-2.0.0-p353@railstutorial_rails_4_0/specifications/jbuilder-1.0.2.gemspec
I, [2014-01-05T23:26:39.348938 #6770]  INFO -- : 0:  jquery-rails (3.0.4) from /usr/local/rvm/gems/ruby-2.0.0-p353@railstutorial_rails_4_0/specifications/jquery-rails-3.0.4.gemspec
I, [2014-01-05T23:26:39.349237 #6770]  INFO -- : 0:  json (1.8.1) from /usr/local/rvm/gems/ruby-2.0.0-p353@railstutorial_rails_4_0/specifications/json-1.8.1.gemspec
I, [2014-01-05T23:26:39.349564 #6770]  INFO -- : 0:  bundler (1.5.1) from /usr/local/rvm/gems/ruby-2.0.0-p353@global/specifications/bundler-1.5.1.gemspec
I, [2014-01-05T23:26:39.349875 #6770]  INFO -- : 0:  tilt (1.4.1) from /usr/local/rvm/gems/ruby-2.0.0-p353@railstutorial_rails_4_0/specifications/tilt-1.4.1.gemspec
I, [2014-01-05T23:26:39.350172 #6770]  INFO -- : 0:  sprockets (2.10.1) from /usr/local/rvm/gems/ruby-2.0.0-p353@railstutorial_rails_4_0/specifications/sprockets-2.10.1.gemspec
I, [2014-01-05T23:26:39.350511 #6770]  INFO -- : 0:  sprockets-rails (2.0.1) from /usr/local/rvm/gems/ruby-2.0.0-p353@railstutorial_rails_4_0/specifications/sprockets-rails-2.0.1.gemspec
I, [2014-01-05T23:26:39.350816 #6770]  INFO -- : 0:  rails (4.0.2) from /usr/local/rvm/gems/ruby-2.0.0-p353@railstutorial_rails_4_0/specifications/rails-4.0.2.gemspec
I, [2014-01-05T23:26:39.351128 #6770]  INFO -- : 0:  rdoc (3.12.2) from /usr/local/rvm/gems/ruby-2.0.0-p353@railstutorial_rails_4_0/specifications/rdoc-3.12.2.gemspec
I, [2014-01-05T23:26:39.351490 #6770]  INFO -- : 0:  rspec-core (2.13.1) from /usr/local/rvm/gems/ruby-2.0.0-p353@railstutorial_rails_4_0/specifications/rspec-core-2.13.1.gemspec
I, [2014-01-05T23:26:39.351795 #6770]  INFO -- : 0:  rspec-expectations (2.13.0) from /usr/local/rvm/gems/ruby-2.0.0-p353@railstutorial_rails_4_0/specifications/rspec-expectations-2.13.0.gemspec
I, [2014-01-05T23:26:39.352096 #6770]  INFO -- : 0:  rspec-mocks (2.13.1) from /usr/local/rvm/gems/ruby-2.0.0-p353@railstutorial_rails_4_0/specifications/rspec-mocks-2.13.1.gemspec
I, [2014-01-05T23:26:39.352400 #6770]  INFO -- : 0:  rspec-rails (2.13.1) from /usr/local/rvm/gems/ruby-2.0.0-p353@railstutorial_rails_4_0/specifications/rspec-rails-2.13.1.gemspec
I, [2014-01-05T23:26:39.352530 #6770]  INFO -- : 0:  rubyzip (0.9.9) from /usr/local/rvm/gems/ruby-2.0.0-p353@railstutorial_rails_4_0/specifications/rubyzip-0.9.9.gemspec
I, [2014-01-05T23:26:39.352889 #6770]  INFO -- : 0:  sass (3.2.13) from /usr/local/rvm/gems/ruby-2.0.0-p353@railstutorial_rails_4_0/specifications/sass-3.2.13.gemspec
I, [2014-01-05T23:26:39.353274 #6770]  INFO -- : 0:  sass-rails (4.0.1) from /usr/local/rvm/gems/ruby-2.0.0-p353@railstutorial_rails_4_0/specifications/sass-rails-4.0.1.gemspec
I, [2014-01-05T23:26:39.353642 #6770]  INFO -- : 0:  sdoc (0.3.20) from /usr/local/rvm/gems/ruby-2.0.0-p353@railstutorial_rails_4_0/specifications/sdoc-0.3.20.gemspec
I, [2014-01-05T23:26:39.354025 #6770]  INFO -- : 0:  websocket (1.0.7) from /usr/local/rvm/gems/ruby-2.0.0-p353@railstutorial_rails_4_0/specifications/websocket-1.0.7.gemspec
I, [2014-01-05T23:26:39.354459 #6770]  INFO -- : 0:  selenium-webdriver (2.35.1) from /usr/local/rvm/gems/ruby-2.0.0-p353@railstutorial_rails_4_0/specifications/selenium-webdriver-2.35.1.gemspec
I, [2014-01-05T23:26:39.354824 #6770]  INFO -- : 0:  sqlite3 (1.3.8) from /usr/local/rvm/gems/ruby-2.0.0-p353@railstutorial_rails_4_0/specifications/sqlite3-1.3.8.gemspec
I, [2014-01-05T23:26:39.355226 #6770]  INFO -- : 0:  turbolinks (1.1.1) from /usr/local/rvm/gems/ruby-2.0.0-p353@railstutorial_rails_4_0/specifications/turbolinks-1.1.1.gemspec
I, [2014-01-05T23:26:39.365177 #6770]  INFO -- : 0:  uglifier (2.1.1) from /usr/local/rvm/gems/ruby-2.0.0-p353@railstutorial_rails_4_0/specifications/uglifier-2.1.1.gemspec
I, [2014-01-05T23:38:53.242714 #6942]  INFO -- : 0:  rake (10.1.1) from /usr/local/rvm/gems/ruby-2.0.0-p353@railstutorial_rails_4_0/specifications/rake-10.1.1.gemspec
I, [2014-01-05T23:38:53.243119 #6942]  INFO -- : 0:  i18n (0.6.9) from /usr/local/rvm/gems/ruby-2.0.0-p353@railstutorial_rails_4_0/specifications/i18n-0.6.9.gemspec
I, [2014-01-05T23:38:53.243437 #6942]  INFO -- : 0:  minitest (4.7.5) from /usr/local/rvm/gems/ruby-2.0.0-p353@railstutorial_rails_4_0/specifications/minitest-4.7.5.gemspec
I, [2014-01-05T23:38:53.243682 #6942]  INFO -- : 0:  multi_json (1.8.2) from /usr/local/rvm/gems/ruby-2.0.0-p353@railstutorial_rails_4_0/specifications/multi_json-1.8.2.gemspec
I, [2014-01-05T23:38:53.243928 #6942]  INFO -- : 0:  atomic (1.1.14) from /usr/local/rvm/gems/ruby-2.0.0-p353@railstutorial_rails_4_0/specifications/atomic-1.1.14.gemspec
I, [2014-01-05T23:38:53.244161 #6942]  INFO -- : 0:  thread_safe (0.1.3) from /usr/local/rvm/gems/ruby-2.0.0-p353@railstutorial_rails_4_0/specifications/thread_safe-0.1.3.gemspec
I, [2014-01-05T23:38:53.244429 #6942]  INFO -- : 0:  tzinfo (0.3.38) from /usr/local/rvm/gems/ruby-2.0.0-p353@railstutorial_rails_4_0/specifications/tzinfo-0.3.38.gemspec
I, [2014-01-05T23:38:53.244640 #6942]  INFO -- : 0:  activesupport (4.0.2) from /usr/local/rvm/gems/ruby-2.0.0-p353@railstutorial_rails_4_0/specifications/activesupport-4.0.2.gemspec
I, [2014-01-05T23:38:53.244871 #6942]  INFO -- : 0:  builder (3.1.4) from /usr/local/rvm/gems/ruby-2.0.0-p353@railstutorial_rails_4_0/specifications/builder-3.1.4.gemspec
I, [2014-01-05T23:38:53.245105 #6942]  INFO -- : 0:  erubis (2.7.0) from /usr/local/rvm/gems/ruby-2.0.0-p353@railstutorial_rails_4_0/specifications/erubis-2.7.0.gemspec
I, [2014-01-05T23:38:53.245391 #6942]  INFO -- : 0:  rack (1.5.2) from /usr/local/rvm/gems/ruby-2.0.0-p353@railstutorial_rails_4_0/specifications/rack-1.5.2.gemspec
I, [2014-01-05T23:38:53.245677 #6942]  INFO -- : 0:  rack-test (0.6.2) from /usr/local/rvm/gems/ruby-2.0.0-p353@railstutorial_rails_4_0/specifications/rack-test-0.6.2.gemspec
I, [2014-01-05T23:38:53.245905 #6942]  INFO -- : 0:  actionpack (4.0.2) from /usr/local/rvm/gems/ruby-2.0.0-p353@railstutorial_rails_4_0/specifications/actionpack-4.0.2.gemspec
I, [2014-01-05T23:38:53.246129 #6942]  INFO -- : 0:  mime-types (1.25.1) from /usr/local/rvm/gems/ruby-2.0.0-p353@railstutorial_rails_4_0/specifications/mime-types-1.25.1.gemspec
I, [2014-01-05T23:38:53.246397 #6942]  INFO -- : 0:  polyglot (0.3.3) from /usr/local/rvm/gems/ruby-2.0.0-p353@railstutorial_rails_4_0/specifications/polyglot-0.3.3.gemspec
I, [2014-01-05T23:38:53.246620 #6942]  INFO -- : 0:  treetop (1.4.15) from /usr/local/rvm/gems/ruby-2.0.0-p353@railstutorial_rails_4_0/specifications/treetop-1.4.15.gemspec
I, [2014-01-05T23:38:53.246854 #6942]  INFO -- : 0:  mail (2.5.4) from /usr/local/rvm/gems/ruby-2.0.0-p353@railstutorial_rails_4_0/specifications/mail-2.5.4.gemspec
I, [2014-01-05T23:38:53.247088 #6942]  INFO -- : 0:  actionmailer (4.0.2) from /usr/local/rvm/gems/ruby-2.0.0-p353@railstutorial_rails_4_0/specifications/actionmailer-4.0.2.gemspec
I, [2014-01-05T23:38:53.247342 #6942]  INFO -- : 0:  activemodel (4.0.2) from /usr/local/rvm/gems/ruby-2.0.0-p353@railstutorial_rails_4_0/specifications/activemodel-4.0.2.gemspec
I, [2014-01-05T23:38:53.247577 #6942]  INFO -- : 0:  activerecord-deprecated_finders (1.0.3) from /usr/local/rvm/gems/ruby-2.0.0-p353@railstutorial_rails_4_0/specifications/activerecord-deprecated_finders-1.0.3.gemspec
I, [2014-01-05T23:38:53.247800 #6942]  INFO -- : 0:  arel (4.0.1) from /usr/local/rvm/gems/ruby-2.0.0-p353@railstutorial_rails_4_0/specifications/arel-4.0.1.gemspec
I, [2014-01-05T23:38:53.248017 #6942]  INFO -- : 0:  activerecord (4.0.2) from /usr/local/rvm/gems/ruby-2.0.0-p353@railstutorial_rails_4_0/specifications/activerecord-4.0.2.gemspec
I, [2014-01-05T23:38:53.248242 #6942]  INFO -- : 0:  bundler (1.5.1) from /usr/local/rvm/gems/ruby-2.0.0-p353@global/specifications/bundler-1.5.1.gemspec
I, [2014-01-05T23:38:53.248466 #6942]  INFO -- : 0:  coffee-script-source (1.6.3) from /usr/local/rvm/gems/ruby-2.0.0-p353@railstutorial_rails_4_0/specifications/coffee-script-source-1.6.3.gemspec
I, [2014-01-05T23:38:53.248467 #6942]  INFO -- : 0:  execjs (2.0.2) from /usr/local/rvm/gems/ruby-2.0.0-p353@railstutorial_rails_4_0/specifications/execjs-2.0.2.gemspec
I, [2014-01-05T23:38:53.248662 #6942]  INFO -- : 0:  coffee-script (2.2.0) from /usr/local/rvm/gems/ruby-2.0.0-p353@railstutorial_rails_4_0/specifications/coffee-script-2.2.0.gemspec
I, [2014-01-05T23:38:53.248904 #6942]  INFO -- : 0:  thor (0.18.1) from /usr/local/rvm/gems/ruby-2.0.0-p353@railstutorial_rails_4_0/specifications/thor-0.18.1.gemspec
I, [2014-01-05T23:38:53.249153 #6942]  INFO -- : 0:  railties (4.0.2) from /usr/local/rvm/gems/ruby-2.0.0-p353@railstutorial_rails_4_0/specifications/railties-4.0.2.gemspec
I, [2014-01-05T23:38:53.249378 #6942]  INFO -- : 0:  coffee-rails (4.0.1) from /usr/local/rvm/gems/ruby-2.0.0-p353@railstutorial_rails_4_0/specifications/coffee-rails-4.0.1.gemspec
I, [2014-01-05T23:38:53.254728 #6942]  INFO -- : 0:  hike (1.2.3) from /usr/local/rvm/gems/ruby-2.0.0-p353@railstutorial_rails_4_0/specifications/hike-1.2.3.gemspec
I, [2014-01-05T23:38:53.255046 #6942]  INFO -- : 0:  jbuilder (1.5.3) from /usr/local/rvm/gems/ruby-2.0.0-p353@railstutorial_rails_4_0/specifications/jbuilder-1.5.3.gemspec
I, [2014-01-05T23:38:53.255319 #6942]  INFO -- : 0:  jquery-rails (3.0.4) from /usr/local/rvm/gems/ruby-2.0.0-p353@railstutorial_rails_4_0/specifications/jquery-rails-3.0.4.gemspec
I, [2014-01-05T23:38:53.255622 #6942]  INFO -- : 0:  json (1.8.1) from /usr/local/rvm/gems/ruby-2.0.0-p353@railstutorial_rails_4_0/specifications/json-1.8.1.gemspec
I, [2014-01-05T23:38:53.255893 #6942]  INFO -- : 0:  tilt (1.4.1) from /usr/local/rvm/gems/ruby-2.0.0-p353@railstutorial_rails_4_0/specifications/tilt-1.4.1.gemspec
I, [2014-01-05T23:38:53.256143 #6942]  INFO -- : 0:  sprockets (2.10.1) from /usr/local/rvm/gems/ruby-2.0.0-p353@railstutorial_rails_4_0/specifications/sprockets-2.10.1.gemspec
I, [2014-01-05T23:38:53.267036 #6942]  INFO -- : 0:  sprockets-rails (2.0.1) from /usr/local/rvm/gems/ruby-2.0.0-p353@railstutorial_rails_4_0/specifications/sprockets-rails-2.0.1.gemspec
I, [2014-01-05T23:38:53.267410 #6942]  INFO -- : 0:  rails (4.0.2) from /usr/local/rvm/gems/ruby-2.0.0-p353@railstutorial_rails_4_0/specifications/rails-4.0.2.gemspec
I, [2014-01-05T23:38:53.267675 #6942]  INFO -- : 0:  rdoc (3.12.2) from /usr/local/rvm/gems/ruby-2.0.0-p353@railstutorial_rails_4_0/specifications/rdoc-3.12.2.gemspec
I, [2014-01-05T23:38:53.268005 #6942]  INFO -- : 0:  sass (3.2.13) from /usr/local/rvm/gems/ruby-2.0.0-p353@railstutorial_rails_4_0/specifications/sass-3.2.13.gemspec
I, [2014-01-05T23:38:53.268301 #6942]  INFO -- : 0:  sass-rails (4.0.1) from /usr/local/rvm/gems/ruby-2.0.0-p353@railstutorial_rails_4_0/specifications/sass-rails-4.0.1.gemspec
I, [2014-01-05T23:38:53.268494 #6942]  INFO -- : 0:  sdoc (0.3.20) from /usr/local/rvm/gems/ruby-2.0.0-p353@railstutorial_rails_4_0/specifications/sdoc-0.3.20.gemspec
I, [2014-01-05T23:38:53.268769 #6942]  INFO -- : 0:  sqlite3 (1.3.8) from /usr/local/rvm/gems/ruby-2.0.0-p353@railstutorial_rails_4_0/specifications/sqlite3-1.3.8.gemspec
I, [2014-01-05T23:38:53.269077 #6942]  INFO -- : 0:  turbolinks (1.1.1) from /usr/local/rvm/gems/ruby-2.0.0-p353@railstutorial_rails_4_0/specifications/turbolinks-1.1.1.gemspec
I, [2014-01-05T23:38:53.269311 #6942]  INFO -- : 0:  uglifier (2.1.1) from /usr/local/rvm/gems/ruby-2.0.0-p353@railstutorial_rails_4_0/specifications/uglifier-2.1.1.gemspec
I, [2014-01-05T23:39:59.395810 #6957]  INFO -- : 0:  rake (10.1.1) from /usr/local/rvm/gems/ruby-2.0.0-p353@railstutorial_rails_4_0/specifications/rake-10.1.1.gemspec
I, [2014-01-05T23:39:59.396258 #6957]  INFO -- : 0:  i18n (0.6.9) from /usr/local/rvm/gems/ruby-2.0.0-p353@railstutorial_rails_4_0/specifications/i18n-0.6.9.gemspec
I, [2014-01-05T23:39:59.396608 #6957]  INFO -- : 0:  minitest (4.7.5) from /usr/local/rvm/gems/ruby-2.0.0-p353@railstutorial_rails_4_0/specifications/minitest-4.7.5.gemspec
I, [2014-01-05T23:39:59.397103 #6957]  INFO -- : 0:  multi_json (1.8.2) from /usr/local/rvm/gems/ruby-2.0.0-p353@railstutorial_rails_4_0/specifications/multi_json-1.8.2.gemspec
I, [2014-01-05T23:39:59.397424 #6957]  INFO -- : 0:  atomic (1.1.14) from /usr/local/rvm/gems/ruby-2.0.0-p353@railstutorial_rails_4_0/specifications/atomic-1.1.14.gemspec
I, [2014-01-05T23:39:59.397716 #6957]  INFO -- : 0:  thread_safe (0.1.3) from /usr/local/rvm/gems/ruby-2.0.0-p353@railstutorial_rails_4_0/specifications/thread_safe-0.1.3.gemspec
I, [2014-01-05T23:39:59.398076 #6957]  INFO -- : 0:  tzinfo (0.3.38) from /usr/local/rvm/gems/ruby-2.0.0-p353@railstutorial_rails_4_0/specifications/tzinfo-0.3.38.gemspec
I, [2014-01-05T23:39:59.398369 #6957]  INFO -- : 0:  activesupport (4.0.2) from /usr/local/rvm/gems/ruby-2.0.0-p353@railstutorial_rails_4_0/specifications/activesupport-4.0.2.gemspec
I, [2014-01-05T23:39:59.398777 #6957]  INFO -- : 0:  builder (3.1.4) from /usr/local/rvm/gems/ruby-2.0.0-p353@railstutorial_rails_4_0/specifications/builder-3.1.4.gemspec
I, [2014-01-05T23:39:59.399124 #6957]  INFO -- : 0:  erubis (2.7.0) from /usr/local/rvm/gems/ruby-2.0.0-p353@railstutorial_rails_4_0/specifications/erubis-2.7.0.gemspec
I, [2014-01-05T23:39:59.399413 #6957]  INFO -- : 0:  rack (1.5.2) from /usr/local/rvm/gems/ruby-2.0.0-p353@railstutorial_rails_4_0/specifications/rack-1.5.2.gemspec
I, [2014-01-05T23:39:59.399729 #6957]  INFO -- : 0:  rack-test (0.6.2) from /usr/local/rvm/gems/ruby-2.0.0-p353@railstutorial_rails_4_0/specifications/rack-test-0.6.2.gemspec
I, [2014-01-05T23:39:59.400099 #6957]  INFO -- : 0:  actionpack (4.0.2) from /usr/local/rvm/gems/ruby-2.0.0-p353@railstutorial_rails_4_0/specifications/actionpack-4.0.2.gemspec
I, [2014-01-05T23:39:59.400405 #6957]  INFO -- : 0:  mime-types (1.25.1) from /usr/local/rvm/gems/ruby-2.0.0-p353@railstutorial_rails_4_0/specifications/mime-types-1.25.1.gemspec
I, [2014-01-05T23:39:59.400448 #6957]  INFO -- : 0:  polyglot (0.3.3) from /usr/local/rvm/gems/ruby-2.0.0-p353@railstutorial_rails_4_0/specifications/polyglot-0.3.3.gemspec
I, [2014-01-05T23:39:59.400789 #6957]  INFO -- : 0:  treetop (1.4.15) from /usr/local/rvm/gems/ruby-2.0.0-p353@railstutorial_rails_4_0/specifications/treetop-1.4.15.gemspec
I, [2014-01-05T23:39:59.401106 #6957]  INFO -- : 0:  mail (2.5.4) from /usr/local/rvm/gems/ruby-2.0.0-p353@railstutorial_rails_4_0/specifications/mail-2.5.4.gemspec
I, [2014-01-05T23:39:59.401395 #6957]  INFO -- : 0:  actionmailer (4.0.2) from /usr/local/rvm/gems/ruby-2.0.0-p353@railstutorial_rails_4_0/specifications/actionmailer-4.0.2.gemspec
I, [2014-01-05T23:39:59.401758 #6957]  INFO -- : 0:  activemodel (4.0.2) from /usr/local/rvm/gems/ruby-2.0.0-p353@railstutorial_rails_4_0/specifications/activemodel-4.0.2.gemspec
I, [2014-01-05T23:39:59.402055 #6957]  INFO -- : 0:  activerecord-deprecated_finders (1.0.3) from /usr/local/rvm/gems/ruby-2.0.0-p353@railstutorial_rails_4_0/specifications/activerecord-deprecated_finders-1.0.3.gemspec
I, [2014-01-05T23:39:59.402377 #6957]  INFO -- : 0:  arel (4.0.1) from /usr/local/rvm/gems/ruby-2.0.0-p353@railstutorial_rails_4_0/specifications/arel-4.0.1.gemspec
I, [2014-01-05T23:39:59.402752 #6957]  INFO -- : 0:  activerecord (4.0.2) from /usr/local/rvm/gems/ruby-2.0.0-p353@railstutorial_rails_4_0/specifications/activerecord-4.0.2.gemspec
I, [2014-01-05T23:39:59.403065 #6957]  INFO -- : 0:  bundler (1.5.1) from /usr/local/rvm/gems/ruby-2.0.0-p353@global/specifications/bundler-1.5.1.gemspec
I, [2014-01-05T23:39:59.403355 #6957]  INFO -- : 0:  mini_portile (0.5.2) from /usr/local/rvm/gems/ruby-2.0.0-p353@railstutorial_rails_4_0/specifications/mini_portile-0.5.2.gemspec
I, [2014-01-05T23:39:59.403692 #6957]  INFO -- : 0:  nokogiri (1.6.1) from /usr/local/rvm/gems/ruby-2.0.0-p353@railstutorial_rails_4_0/specifications/nokogiri-1.6.1.gemspec
I, [2014-01-05T23:39:59.403999 #6957]  INFO -- : 0:  xpath (2.0.0) from /usr/local/rvm/gems/ruby-2.0.0-p353@railstutorial_rails_4_0/specifications/xpath-2.0.0.gemspec
I, [2014-01-05T23:39:59.404327 #6957]  INFO -- : 0:  capybara (2.1.0) from /usr/local/rvm/gems/ruby-2.0.0-p353@railstutorial_rails_4_0/specifications/capybara-2.1.0.gemspec
I, [2014-01-05T23:39:59.407129 #6957]  INFO -- : 0:  ffi (1.9.3) from /usr/local/rvm/gems/ruby-2.0.0-p353@railstutorial_rails_4_0/specifications/ffi-1.9.3.gemspec
I, [2014-01-05T23:39:59.407693 #6957]  INFO -- : 0:  childprocess (0.3.9) from /usr/local/rvm/gems/ruby-2.0.0-p353@railstutorial_rails_4_0/specifications/childprocess-0.3.9.gemspec
I, [2014-01-05T23:39:59.408027 #6957]  INFO -- : 0:  coffee-script-source (1.6.3) from /usr/local/rvm/gems/ruby-2.0.0-p353@railstutorial_rails_4_0/specifications/coffee-script-source-1.6.3.gemspec
I, [2014-01-05T23:39:59.408306 #6957]  INFO -- : 0:  execjs (2.0.2) from /usr/local/rvm/gems/ruby-2.0.0-p353@railstutorial_rails_4_0/specifications/execjs-2.0.2.gemspec
I, [2014-01-05T23:39:59.408649 #6957]  INFO -- : 0:  coffee-script (2.2.0) from /usr/local/rvm/gems/ruby-2.0.0-p353@railstutorial_rails_4_0/specifications/coffee-script-2.2.0.gemspec
I, [2014-01-05T23:39:59.409503 #6957]  INFO -- : 0:  thor (0.18.1) from /usr/local/rvm/gems/ruby-2.0.0-p353@railstutorial_rails_4_0/specifications/thor-0.18.1.gemspec
I, [2014-01-05T23:39:59.409818 #6957]  INFO -- : 0:  railties (4.0.2) from /usr/local/rvm/gems/ruby-2.0.0-p353@railstutorial_rails_4_0/specifications/railties-4.0.2.gemspec
I, [2014-01-05T23:39:59.410128 #6957]  INFO -- : 0:  coffee-rails (4.0.1) from /usr/local/rvm/gems/ruby-2.0.0-p353@railstutorial_rails_4_0/specifications/coffee-rails-4.0.1.gemspec
I, [2014-01-05T23:39:59.410438 #6957]  INFO -- : 0:  diff-lcs (1.2.5) from /usr/local/rvm/gems/ruby-2.0.0-p353@railstutorial_rails_4_0/specifications/diff-lcs-1.2.5.gemspec
I, [2014-01-05T23:39:59.410792 #6957]  INFO -- : 0:  hike (1.2.3) from /usr/local/rvm/gems/ruby-2.0.0-p353@railstutorial_rails_4_0/specifications/hike-1.2.3.gemspec
I, [2014-01-05T23:39:59.411108 #6957]  INFO -- : 0:  jbuilder (1.0.2) from /usr/local/rvm/gems/ruby-2.0.0-p353@railstutorial_rails_4_0/specifications/jbuilder-1.0.2.gemspec
I, [2014-01-05T23:39:59.411427 #6957]  INFO -- : 0:  jquery-rails (3.0.4) from /usr/local/rvm/gems/ruby-2.0.0-p353@railstutorial_rails_4_0/specifications/jquery-rails-3.0.4.gemspec
I, [2014-01-05T23:39:59.411762 #6957]  INFO -- : 0:  json (1.8.1) from /usr/local/rvm/gems/ruby-2.0.0-p353@railstutorial_rails_4_0/specifications/json-1.8.1.gemspec
I, [2014-01-05T23:39:59.412119 #6957]  INFO -- : 0:  tilt (1.4.1) from /usr/local/rvm/gems/ruby-2.0.0-p353@railstutorial_rails_4_0/specifications/tilt-1.4.1.gemspec
I, [2014-01-05T23:39:59.412448 #6957]  INFO -- : 0:  sprockets (2.10.1) from /usr/local/rvm/gems/ruby-2.0.0-p353@railstutorial_rails_4_0/specifications/sprockets-2.10.1.gemspec
I, [2014-01-05T23:39:59.413484 #6957]  INFO -- : 0:  sprockets-rails (2.0.1) from /usr/local/rvm/gems/ruby-2.0.0-p353@railstutorial_rails_4_0/specifications/sprockets-rails-2.0.1.gemspec
I, [2014-01-05T23:39:59.413848 #6957]  INFO -- : 0:  rails (4.0.2) from /usr/local/rvm/gems/ruby-2.0.0-p353@railstutorial_rails_4_0/specifications/rails-4.0.2.gemspec
I, [2014-01-05T23:39:59.414265 #6957]  INFO -- : 0:  rdoc (3.12.2) from /usr/local/rvm/gems/ruby-2.0.0-p353@railstutorial_rails_4_0/specifications/rdoc-3.12.2.gemspec
I, [2014-01-05T23:39:59.414564 #6957]  INFO -- : 0:  rspec-core (2.13.1) from /usr/local/rvm/gems/ruby-2.0.0-p353@railstutorial_rails_4_0/specifications/rspec-core-2.13.1.gemspec
I, [2014-01-05T23:39:59.414888 #6957]  INFO -- : 0:  rspec-expectations (2.13.0) from /usr/local/rvm/gems/ruby-2.0.0-p353@railstutorial_rails_4_0/specifications/rspec-expectations-2.13.0.gemspec
I, [2014-01-05T23:39:59.415213 #6957]  INFO -- : 0:  rspec-mocks (2.13.1) from /usr/local/rvm/gems/ruby-2.0.0-p353@railstutorial_rails_4_0/specifications/rspec-mocks-2.13.1.gemspec
I, [2014-01-05T23:39:59.415596 #6957]  INFO -- : 0:  rspec-rails (2.13.1) from /usr/local/rvm/gems/ruby-2.0.0-p353@railstutorial_rails_4_0/specifications/rspec-rails-2.13.1.gemspec
I, [2014-01-05T23:39:59.415979 #6957]  INFO -- : 0:  rubyzip (0.9.9) from /usr/local/rvm/gems/ruby-2.0.0-p353@railstutorial_rails_4_0/specifications/rubyzip-0.9.9.gemspec
I, [2014-01-05T23:39:59.416378 #6957]  INFO -- : 0:  sass (3.2.13) from /usr/local/rvm/gems/ruby-2.0.0-p353@railstutorial_rails_4_0/specifications/sass-3.2.13.gemspec
I, [2014-01-05T23:39:59.416637 #6957]  INFO -- : 0:  sass-rails (4.0.1) from /usr/local/rvm/gems/ruby-2.0.0-p353@railstutorial_rails_4_0/specifications/sass-rails-4.0.1.gemspec
I, [2014-01-05T23:39:59.416957 #6957]  INFO -- : 0:  sdoc (0.3.20) from /usr/local/rvm/gems/ruby-2.0.0-p353@railstutorial_rails_4_0/specifications/sdoc-0.3.20.gemspec
I, [2014-01-05T23:39:59.417297 #6957]  INFO -- : 0:  websocket (1.0.7) from /usr/local/rvm/gems/ruby-2.0.0-p353@railstutorial_rails_4_0/specifications/websocket-1.0.7.gemspec
I, [2014-01-05T23:39:59.417583 #6957]  INFO -- : 0:  selenium-webdriver (2.35.1) from /usr/local/rvm/gems/ruby-2.0.0-p353@railstutorial_rails_4_0/specifications/selenium-webdriver-2.35.1.gemspec
I, [2014-01-05T23:39:59.417905 #6957]  INFO -- : 0:  sqlite3 (1.3.8) from /usr/local/rvm/gems/ruby-2.0.0-p353@railstutorial_rails_4_0/specifications/sqlite3-1.3.8.gemspec
I, [2014-01-05T23:39:59.418306 #6957]  INFO -- : 0:  turbolinks (1.1.1) from /usr/local/rvm/gems/ruby-2.0.0-p353@railstutorial_rails_4_0/specifications/turbolinks-1.1.1.gemspec
I, [2014-01-05T23:39:59.418634 #6957]  INFO -- : 0:  uglifier (2.1.1) from /usr/local/rvm/gems/ruby-2.0.0-p353@railstutorial_rails_4_0/specifications/uglifier-2.1.1.gemspec
I, [2014-01-05T23:43:38.830197 #6959]  INFO -- : 0:  rake (10.1.1) from /usr/local/rvm/gems/ruby-2.0.0-p353@railstutorial_rails_4_0/specifications/rake-10.1.1.gemspec
I, [2014-01-05T23:43:38.830808 #6959]  INFO -- : 0:  i18n (0.6.9) from /usr/local/rvm/gems/ruby-2.0.0-p353@railstutorial_rails_4_0/specifications/i18n-0.6.9.gemspec
I, [2014-01-05T23:43:38.835627 #6959]  INFO -- : 0:  minitest (4.7.5) from /usr/local/rvm/gems/ruby-2.0.0-p353@railstutorial_rails_4_0/specifications/minitest-4.7.5.gemspec
I, [2014-01-05T23:43:38.836250 #6959]  INFO -- : 0:  multi_json (1.8.2) from /usr/local/rvm/gems/ruby-2.0.0-p353@railstutorial_rails_4_0/specifications/multi_json-1.8.2.gemspec
I, [2014-01-05T23:43:38.836680 #6959]  INFO -- : 0:  atomic (1.1.14) from /usr/local/rvm/gems/ruby-2.0.0-p353@railstutorial_rails_4_0/specifications/atomic-1.1.14.gemspec
I, [2014-01-05T23:43:38.837075 #6959]  INFO -- : 0:  thread_safe (0.1.3) from /usr/local/rvm/gems/ruby-2.0.0-p353@railstutorial_rails_4_0/specifications/thread_safe-0.1.3.gemspec
I, [2014-01-05T23:43:38.837490 #6959]  INFO -- : 0:  tzinfo (0.3.38) from /usr/local/rvm/gems/ruby-2.0.0-p353@railstutorial_rails_4_0/specifications/tzinfo-0.3.38.gemspec
I, [2014-01-05T23:43:38.837818 #6959]  INFO -- : 0:  activesupport (4.0.2) from /usr/local/rvm/gems/ruby-2.0.0-p353@railstutorial_rails_4_0/specifications/activesupport-4.0.2.gemspec
I, [2014-01-05T23:43:38.838190 #6959]  INFO -- : 0:  builder (3.1.4) from /usr/local/rvm/gems/ruby-2.0.0-p353@railstutorial_rails_4_0/specifications/builder-3.1.4.gemspec
I, [2014-01-05T23:43:38.838560 #6959]  INFO -- : 0:  erubis (2.7.0) from /usr/local/rvm/gems/ruby-2.0.0-p353@railstutorial_rails_4_0/specifications/erubis-2.7.0.gemspec
I, [2014-01-05T23:43:38.838884 #6959]  INFO -- : 0:  rack (1.5.2) from /usr/local/rvm/gems/ruby-2.0.0-p353@railstutorial_rails_4_0/specifications/rack-1.5.2.gemspec
I, [2014-01-05T23:43:38.839303 #6959]  INFO -- : 0:  rack-test (0.6.2) from /usr/local/rvm/gems/ruby-2.0.0-p353@railstutorial_rails_4_0/specifications/rack-test-0.6.2.gemspec
I, [2014-01-05T23:43:38.839652 #6959]  INFO -- : 0:  actionpack (4.0.2) from /usr/local/rvm/gems/ruby-2.0.0-p353@railstutorial_rails_4_0/specifications/actionpack-4.0.2.gemspec
I, [2014-01-05T23:43:38.840189 #6959]  INFO -- : 0:  mime-types (1.25.1) from /usr/local/rvm/gems/ruby-2.0.0-p353@railstutorial_rails_4_0/specifications/mime-types-1.25.1.gemspec
I, [2014-01-05T23:43:38.840708 #6959]  INFO -- : 0:  polyglot (0.3.3) from /usr/local/rvm/gems/ruby-2.0.0-p353@railstutorial_rails_4_0/specifications/polyglot-0.3.3.gemspec
I, [2014-01-05T23:43:38.841189 #6959]  INFO -- : 0:  treetop (1.4.15) from /usr/local/rvm/gems/ruby-2.0.0-p353@railstutorial_rails_4_0/specifications/treetop-1.4.15.gemspec
I, [2014-01-05T23:43:38.841739 #6959]  INFO -- : 0:  mail (2.5.4) from /usr/local/rvm/gems/ruby-2.0.0-p353@railstutorial_rails_4_0/specifications/mail-2.5.4.gemspec
I, [2014-01-05T23:43:38.842031 #6959]  INFO -- : 0:  actionmailer (4.0.2) from /usr/local/rvm/gems/ruby-2.0.0-p353@railstutorial_rails_4_0/specifications/actionmailer-4.0.2.gemspec
I, [2014-01-05T23:43:38.842393 #6959]  INFO -- : 0:  activemodel (4.0.2) from /usr/local/rvm/gems/ruby-2.0.0-p353@railstutorial_rails_4_0/specifications/activemodel-4.0.2.gemspec
I, [2014-01-05T23:43:38.842677 #6959]  INFO -- : 0:  activerecord-deprecated_finders (1.0.3) from /usr/local/rvm/gems/ruby-2.0.0-p353@railstutorial_rails_4_0/specifications/activerecord-deprecated_finders-1.0.3.gemspec
I, [2014-01-05T23:43:38.843013 #6959]  INFO -- : 0:  arel (4.0.1) from /usr/local/rvm/gems/ruby-2.0.0-p353@railstutorial_rails_4_0/specifications/arel-4.0.1.gemspec
I, [2014-01-05T23:43:38.843294 #6959]  INFO -- : 0:  activerecord (4.0.2) from /usr/local/rvm/gems/ruby-2.0.0-p353@railstutorial_rails_4_0/specifications/activerecord-4.0.2.gemspec
I, [2014-01-05T23:43:38.843636 #6959]  INFO -- : 0:  bundler (1.5.1) from /usr/local/rvm/gems/ruby-2.0.0-p353@global/specifications/bundler-1.5.1.gemspec
I, [2014-01-05T23:43:38.843917 #6959]  INFO -- : 0:  mini_portile (0.5.2) from /usr/local/rvm/gems/ruby-2.0.0-p353@railstutorial_rails_4_0/specifications/mini_portile-0.5.2.gemspec
I, [2014-01-05T23:43:38.844291 #6959]  INFO -- : 0:  nokogiri (1.6.1) from /usr/local/rvm/gems/ruby-2.0.0-p353@railstutorial_rails_4_0/specifications/nokogiri-1.6.1.gemspec
I, [2014-01-05T23:43:38.844600 #6959]  INFO -- : 0:  xpath (2.0.0) from /usr/local/rvm/gems/ruby-2.0.0-p353@railstutorial_rails_4_0/specifications/xpath-2.0.0.gemspec
I, [2014-01-05T23:43:38.844888 #6959]  INFO -- : 0:  capybara (2.1.0) from /usr/local/rvm/gems/ruby-2.0.0-p353@railstutorial_rails_4_0/specifications/capybara-2.1.0.gemspec
I, [2014-01-05T23:43:38.845227 #6959]  INFO -- : 0:  ffi (1.9.3) from /usr/local/rvm/gems/ruby-2.0.0-p353@railstutorial_rails_4_0/specifications/ffi-1.9.3.gemspec
I, [2014-01-05T23:43:38.845511 #6959]  INFO -- : 0:  childprocess (0.3.9) from /usr/local/rvm/gems/ruby-2.0.0-p353@railstutorial_rails_4_0/specifications/childprocess-0.3.9.gemspec
I, [2014-01-05T23:43:38.845814 #6959]  INFO -- : 0:  coffee-script-source (1.6.3) from /usr/local/rvm/gems/ruby-2.0.0-p353@railstutorial_rails_4_0/specifications/coffee-script-source-1.6.3.gemspec
I, [2014-01-05T23:43:38.846091 #6959]  INFO -- : 0:  execjs (2.0.2) from /usr/local/rvm/gems/ruby-2.0.0-p353@railstutorial_rails_4_0/specifications/execjs-2.0.2.gemspec
I, [2014-01-05T23:43:38.846442 #6959]  INFO -- : 0:  coffee-script (2.2.0) from /usr/local/rvm/gems/ruby-2.0.0-p353@railstutorial_rails_4_0/specifications/coffee-script-2.2.0.gemspec
I, [2014-01-05T23:43:38.846730 #6959]  INFO -- : 0:  thor (0.18.1) from /usr/local/rvm/gems/ruby-2.0.0-p353@railstutorial_rails_4_0/specifications/thor-0.18.1.gemspec
I, [2014-01-05T23:43:38.847052 #6959]  INFO -- : 0:  railties (4.0.2) from /usr/local/rvm/gems/ruby-2.0.0-p353@railstutorial_rails_4_0/specifications/railties-4.0.2.gemspec
I, [2014-01-05T23:43:38.847381 #6959]  INFO -- : 0:  coffee-rails (4.0.1) from /usr/local/rvm/gems/ruby-2.0.0-p353@railstutorial_rails_4_0/specifications/coffee-rails-4.0.1.gemspec
I, [2014-01-05T23:43:38.847689 #6959]  INFO -- : 0:  diff-lcs (1.2.5) from /usr/local/rvm/gems/ruby-2.0.0-p353@railstutorial_rails_4_0/specifications/diff-lcs-1.2.5.gemspec
I, [2014-01-05T23:43:38.847969 #6959]  INFO -- : 0:  hike (1.2.3) from /usr/local/rvm/gems/ruby-2.0.0-p353@railstutorial_rails_4_0/specifications/hike-1.2.3.gemspec
I, [2014-01-05T23:43:38.848354 #6959]  INFO -- : 0:  jbuilder (1.0.2) from /usr/local/rvm/gems/ruby-2.0.0-p353@railstutorial_rails_4_0/specifications/jbuilder-1.0.2.gemspec
I, [2014-01-05T23:43:38.848467 #6959]  INFO -- : 0:  jquery-rails (3.0.4) from /usr/local/rvm/gems/ruby-2.0.0-p353@railstutorial_rails_4_0/specifications/jquery-rails-3.0.4.gemspec
I, [2014-01-05T23:43:38.848836 #6959]  INFO -- : 0:  json (1.8.1) from /usr/local/rvm/gems/ruby-2.0.0-p353@railstutorial_rails_4_0/specifications/json-1.8.1.gemspec
I, [2014-01-05T23:43:38.849184 #6959]  INFO -- : 0:  tilt (1.4.1) from /usr/local/rvm/gems/ruby-2.0.0-p353@railstutorial_rails_4_0/specifications/tilt-1.4.1.gemspec
I, [2014-01-05T23:43:38.849510 #6959]  INFO -- : 0:  sprockets (2.10.1) from /usr/local/rvm/gems/ruby-2.0.0-p353@railstutorial_rails_4_0/specifications/sprockets-2.10.1.gemspec
I, [2014-01-05T23:43:38.849853 #6959]  INFO -- : 0:  sprockets-rails (2.0.1) from /usr/local/rvm/gems/ruby-2.0.0-p353@railstutorial_rails_4_0/specifications/sprockets-rails-2.0.1.gemspec
I, [2014-01-05T23:43:38.850188 #6959]  INFO -- : 0:  rails (4.0.2) from /usr/local/rvm/gems/ruby-2.0.0-p353@railstutorial_rails_4_0/specifications/rails-4.0.2.gemspec
I, [2014-01-05T23:43:38.850539 #6959]  INFO -- : 0:  rdoc (3.12.2) from /usr/local/rvm/gems/ruby-2.0.0-p353@railstutorial_rails_4_0/specifications/rdoc-3.12.2.gemspec
I, [2014-01-05T23:43:38.850864 #6959]  INFO -- : 0:  rspec-core (2.13.1) from /usr/local/rvm/gems/ruby-2.0.0-p353@railstutorial_rails_4_0/specifications/rspec-core-2.13.1.gemspec
I, [2014-01-05T23:43:38.851255 #6959]  INFO -- : 0:  rspec-expectations (2.13.0) from /usr/local/rvm/gems/ruby-2.0.0-p353@railstutorial_rails_4_0/specifications/rspec-expectations-2.13.0.gemspec
I, [2014-01-05T23:43:38.851583 #6959]  INFO -- : 0:  rspec-mocks (2.13.1) from /usr/local/rvm/gems/ruby-2.0.0-p353@railstutorial_rails_4_0/specifications/rspec-mocks-2.13.1.gemspec
I, [2014-01-05T23:43:38.851974 #6959]  INFO -- : 0:  rspec-rails (2.13.1) from /usr/local/rvm/gems/ruby-2.0.0-p353@railstutorial_rails_4_0/specifications/rspec-rails-2.13.1.gemspec
I, [2014-01-05T23:43:38.852294 #6959]  INFO -- : 0:  rubyzip (0.9.9) from /usr/local/rvm/gems/ruby-2.0.0-p353@railstutorial_rails_4_0/specifications/rubyzip-0.9.9.gemspec
I, [2014-01-05T23:43:38.852736 #6959]  INFO -- : 0:  sass (3.2.13) from /usr/local/rvm/gems/ruby-2.0.0-p353@railstutorial_rails_4_0/specifications/sass-3.2.13.gemspec
I, [2014-01-05T23:43:38.853091 #6959]  INFO -- : 0:  sass-rails (4.0.1) from /usr/local/rvm/gems/ruby-2.0.0-p353@railstutorial_rails_4_0/specifications/sass-rails-4.0.1.gemspec
I, [2014-01-05T23:43:38.853411 #6959]  INFO -- : 0:  sdoc (0.3.20) from /usr/local/rvm/gems/ruby-2.0.0-p353@railstutorial_rails_4_0/specifications/sdoc-0.3.20.gemspec
I, [2014-01-05T23:43:38.853780 #6959]  INFO -- : 0:  websocket (1.0.7) from /usr/local/rvm/gems/ruby-2.0.0-p353@railstutorial_rails_4_0/specifications/websocket-1.0.7.gemspec
I, [2014-01-05T23:43:38.854112 #6959]  INFO -- : 0:  selenium-webdriver (2.35.1) from /usr/local/rvm/gems/ruby-2.0.0-p353@railstutorial_rails_4_0/specifications/selenium-webdriver-2.35.1.gemspec
I, [2014-01-05T23:43:38.854519 #6959]  INFO -- : 0:  sqlite3 (1.3.8) from /usr/local/rvm/gems/ruby-2.0.0-p353@railstutorial_rails_4_0/specifications/sqlite3-1.3.8.gemspec
I, [2014-01-05T23:43:38.854844 #6959]  INFO -- : 0:  turbolinks (1.1.1) from /usr/local/rvm/gems/ruby-2.0.0-p353@railstutorial_rails_4_0/specifications/turbolinks-1.1.1.gemspec
I, [2014-01-05T23:43:38.855240 #6959]  INFO -- : 0:  uglifier (2.1.1) from /usr/local/rvm/gems/ruby-2.0.0-p353@railstutorial_rails_4_0/specifications/uglifier-2.1.1.gemspec
I, [2014-01-05T23:44:31.386750 #6962]  INFO -- : 0:  rake (10.1.1) from /usr/local/rvm/gems/ruby-2.0.0-p353@railstutorial_rails_4_0/specifications/rake-10.1.1.gemspec
I, [2014-01-05T23:44:31.387264 #6962]  INFO -- : 0:  i18n (0.6.9) from /usr/local/rvm/gems/ruby-2.0.0-p353@railstutorial_rails_4_0/specifications/i18n-0.6.9.gemspec
I, [2014-01-05T23:44:31.387644 #6962]  INFO -- : 0:  minitest (4.7.5) from /usr/local/rvm/gems/ruby-2.0.0-p353@railstutorial_rails_4_0/specifications/minitest-4.7.5.gemspec
I, [2014-01-05T23:44:31.387935 #6962]  INFO -- : 0:  multi_json (1.8.2) from /usr/local/rvm/gems/ruby-2.0.0-p353@railstutorial_rails_4_0/specifications/multi_json-1.8.2.gemspec
I, [2014-01-05T23:44:31.388270 #6962]  INFO -- : 0:  atomic (1.1.14) from /usr/local/rvm/gems/ruby-2.0.0-p353@railstutorial_rails_4_0/specifications/atomic-1.1.14.gemspec
I, [2014-01-05T23:44:31.388548 #6962]  INFO -- : 0:  thread_safe (0.1.3) from /usr/local/rvm/gems/ruby-2.0.0-p353@railstutorial_rails_4_0/specifications/thread_safe-0.1.3.gemspec
I, [2014-01-05T23:44:31.388859 #6962]  INFO -- : 0:  tzinfo (0.3.38) from /usr/local/rvm/gems/ruby-2.0.0-p353@railstutorial_rails_4_0/specifications/tzinfo-0.3.38.gemspec
I, [2014-01-05T23:44:31.389173 #6962]  INFO -- : 0:  activesupport (4.0.2) from /usr/local/rvm/gems/ruby-2.0.0-p353@railstutorial_rails_4_0/specifications/activesupport-4.0.2.gemspec
I, [2014-01-05T23:44:31.389477 #6962]  INFO -- : 0:  builder (3.1.4) from /usr/local/rvm/gems/ruby-2.0.0-p353@railstutorial_rails_4_0/specifications/builder-3.1.4.gemspec
I, [2014-01-05T23:44:31.389782 #6962]  INFO -- : 0:  erubis (2.7.0) from /usr/local/rvm/gems/ruby-2.0.0-p353@railstutorial_rails_4_0/specifications/erubis-2.7.0.gemspec
I, [2014-01-05T23:44:31.390091 #6962]  INFO -- : 0:  rack (1.5.2) from /usr/local/rvm/gems/ruby-2.0.0-p353@railstutorial_rails_4_0/specifications/rack-1.5.2.gemspec
I, [2014-01-05T23:44:31.390394 #6962]  INFO -- : 0:  rack-test (0.6.2) from /usr/local/rvm/gems/ruby-2.0.0-p353@railstutorial_rails_4_0/specifications/rack-test-0.6.2.gemspec
I, [2014-01-05T23:44:31.390692 #6962]  INFO -- : 0:  actionpack (4.0.2) from /usr/local/rvm/gems/ruby-2.0.0-p353@railstutorial_rails_4_0/specifications/actionpack-4.0.2.gemspec
I, [2014-01-05T23:44:31.390988 #6962]  INFO -- : 0:  mime-types (1.25.1) from /usr/local/rvm/gems/ruby-2.0.0-p353@railstutorial_rails_4_0/specifications/mime-types-1.25.1.gemspec
I, [2014-01-05T23:44:31.391296 #6962]  INFO -- : 0:  polyglot (0.3.3) from /usr/local/rvm/gems/ruby-2.0.0-p353@railstutorial_rails_4_0/specifications/polyglot-0.3.3.gemspec
I, [2014-01-05T23:44:31.391612 #6962]  INFO -- : 0:  treetop (1.4.15) from /usr/local/rvm/gems/ruby-2.0.0-p353@railstutorial_rails_4_0/specifications/treetop-1.4.15.gemspec
I, [2014-01-05T23:44:31.391942 #6962]  INFO -- : 0:  mail (2.5.4) from /usr/local/rvm/gems/ruby-2.0.0-p353@railstutorial_rails_4_0/specifications/mail-2.5.4.gemspec
I, [2014-01-05T23:44:31.392257 #6962]  INFO -- : 0:  actionmailer (4.0.2) from /usr/local/rvm/gems/ruby-2.0.0-p353@railstutorial_rails_4_0/specifications/actionmailer-4.0.2.gemspec
I, [2014-01-05T23:44:31.392380 #6962]  INFO -- : 0:  activemodel (4.0.2) from /usr/local/rvm/gems/ruby-2.0.0-p353@railstutorial_rails_4_0/specifications/activemodel-4.0.2.gemspec
I, [2014-01-05T23:44:31.392559 #6962]  INFO -- : 0:  activerecord-deprecated_finders (1.0.3) from /usr/local/rvm/gems/ruby-2.0.0-p353@railstutorial_rails_4_0/specifications/activerecord-deprecated_finders-1.0.3.gemspec
I, [2014-01-05T23:44:31.392930 #6962]  INFO -- : 0:  arel (4.0.1) from /usr/local/rvm/gems/ruby-2.0.0-p353@railstutorial_rails_4_0/specifications/arel-4.0.1.gemspec
I, [2014-01-05T23:44:31.393260 #6962]  INFO -- : 0:  activerecord (4.0.2) from /usr/local/rvm/gems/ruby-2.0.0-p353@railstutorial_rails_4_0/specifications/activerecord-4.0.2.gemspec
I, [2014-01-05T23:44:31.393639 #6962]  INFO -- : 0:  mini_portile (0.5.2) from /usr/local/rvm/gems/ruby-2.0.0-p353@railstutorial_rails_4_0/specifications/mini_portile-0.5.2.gemspec
I, [2014-01-05T23:44:31.393961 #6962]  INFO -- : 0:  nokogiri (1.6.1) from /usr/local/rvm/gems/ruby-2.0.0-p353@railstutorial_rails_4_0/specifications/nokogiri-1.6.1.gemspec
I, [2014-01-05T23:44:31.394354 #6962]  INFO -- : 0:  xpath (2.0.0) from /usr/local/rvm/gems/ruby-2.0.0-p353@railstutorial_rails_4_0/specifications/xpath-2.0.0.gemspec
I, [2014-01-05T23:44:31.395564 #6962]  INFO -- : 0:  capybara (2.1.0) from /usr/local/rvm/gems/ruby-2.0.0-p353@railstutorial_rails_4_0/specifications/capybara-2.1.0.gemspec
I, [2014-01-05T23:44:31.395938 #6962]  INFO -- : 0:  ffi (1.9.3) from /usr/local/rvm/gems/ruby-2.0.0-p353@railstutorial_rails_4_0/specifications/ffi-1.9.3.gemspec
I, [2014-01-05T23:44:31.396241 #6962]  INFO -- : 0:  childprocess (0.3.9) from /usr/local/rvm/gems/ruby-2.0.0-p353@railstutorial_rails_4_0/specifications/childprocess-0.3.9.gemspec
I, [2014-01-05T23:44:31.396571 #6962]  INFO -- : 0:  coffee-script-source (1.6.3) from /usr/local/rvm/gems/ruby-2.0.0-p353@railstutorial_rails_4_0/specifications/coffee-script-source-1.6.3.gemspec
I, [2014-01-05T23:44:31.396946 #6962]  INFO -- : 0:  execjs (2.0.2) from /usr/local/rvm/gems/ruby-2.0.0-p353@railstutorial_rails_4_0/specifications/execjs-2.0.2.gemspec
I, [2014-01-05T23:44:31.397289 #6962]  INFO -- : 0:  coffee-script (2.2.0) from /usr/local/rvm/gems/ruby-2.0.0-p353@railstutorial_rails_4_0/specifications/coffee-script-2.2.0.gemspec
I, [2014-01-05T23:44:31.397638 #6962]  INFO -- : 0:  thor (0.18.1) from /usr/local/rvm/gems/ruby-2.0.0-p353@railstutorial_rails_4_0/specifications/thor-0.18.1.gemspec
I, [2014-01-05T23:44:31.397980 #6962]  INFO -- : 0:  railties (4.0.2) from /usr/local/rvm/gems/ruby-2.0.0-p353@railstutorial_rails_4_0/specifications/railties-4.0.2.gemspec
I, [2014-01-05T23:44:31.398360 #6962]  INFO -- : 0:  coffee-rails (4.0.1) from /usr/local/rvm/gems/ruby-2.0.0-p353@railstutorial_rails_4_0/specifications/coffee-rails-4.0.1.gemspec
I, [2014-01-05T23:44:31.398728 #6962]  INFO -- : 0:  diff-lcs (1.2.5) from /usr/local/rvm/gems/ruby-2.0.0-p353@railstutorial_rails_4_0/specifications/diff-lcs-1.2.5.gemspec
I, [2014-01-05T23:44:31.399089 #6962]  INFO -- : 0:  hike (1.2.3) from /usr/local/rvm/gems/ruby-2.0.0-p353@railstutorial_rails_4_0/specifications/hike-1.2.3.gemspec
I, [2014-01-05T23:44:31.399452 #6962]  INFO -- : 0:  jbuilder (1.0.2) from /usr/local/rvm/gems/ruby-2.0.0-p353@railstutorial_rails_4_0/specifications/jbuilder-1.0.2.gemspec
I, [2014-01-05T23:44:31.399799 #6962]  INFO -- : 0:  jquery-rails (3.0.4) from /usr/local/rvm/gems/ruby-2.0.0-p353@railstutorial_rails_4_0/specifications/jquery-rails-3.0.4.gemspec
I, [2014-01-05T23:44:31.400149 #6962]  INFO -- : 0:  json (1.8.1) from /usr/local/rvm/gems/ruby-2.0.0-p353@railstutorial_rails_4_0/specifications/json-1.8.1.gemspec
I, [2014-01-05T23:44:31.400483 #6962]  INFO -- : 0:  bundler (1.5.1) from /usr/local/rvm/gems/ruby-2.0.0-p353@global/specifications/bundler-1.5.1.gemspec
I, [2014-01-05T23:44:31.400576 #6962]  INFO -- : 0:  tilt (1.4.1) from /usr/local/rvm/gems/ruby-2.0.0-p353@railstutorial_rails_4_0/specifications/tilt-1.4.1.gemspec
I, [2014-01-05T23:44:31.400897 #6962]  INFO -- : 0:  sprockets (2.10.1) from /usr/local/rvm/gems/ruby-2.0.0-p353@railstutorial_rails_4_0/specifications/sprockets-2.10.1.gemspec
I, [2014-01-05T23:44:31.401246 #6962]  INFO -- : 0:  sprockets-rails (2.0.1) from /usr/local/rvm/gems/ruby-2.0.0-p353@railstutorial_rails_4_0/specifications/sprockets-rails-2.0.1.gemspec
I, [2014-01-05T23:44:31.401603 #6962]  INFO -- : 0:  rails (4.0.2) from /usr/local/rvm/gems/ruby-2.0.0-p353@railstutorial_rails_4_0/specifications/rails-4.0.2.gemspec
I, [2014-01-05T23:44:31.402006 #6962]  INFO -- : 0:  rdoc (3.12.2) from /usr/local/rvm/gems/ruby-2.0.0-p353@railstutorial_rails_4_0/specifications/rdoc-3.12.2.gemspec
I, [2014-01-05T23:44:31.402365 #6962]  INFO -- : 0:  rspec-core (2.13.1) from /usr/local/rvm/gems/ruby-2.0.0-p353@railstutorial_rails_4_0/specifications/rspec-core-2.13.1.gemspec
I, [2014-01-05T23:44:31.402744 #6962]  INFO -- : 0:  rspec-expectations (2.13.0) from /usr/local/rvm/gems/ruby-2.0.0-p353@railstutorial_rails_4_0/specifications/rspec-expectations-2.13.0.gemspec
I, [2014-01-05T23:44:31.403097 #6962]  INFO -- : 0:  rspec-mocks (2.13.1) from /usr/local/rvm/gems/ruby-2.0.0-p353@railstutorial_rails_4_0/specifications/rspec-mocks-2.13.1.gemspec
I, [2014-01-05T23:44:31.403451 #6962]  INFO -- : 0:  rspec-rails (2.13.1) from /usr/local/rvm/gems/ruby-2.0.0-p353@railstutorial_rails_4_0/specifications/rspec-rails-2.13.1.gemspec
I, [2014-01-05T23:44:31.403887 #6962]  INFO -- : 0:  rubyzip (0.9.9) from /usr/local/rvm/gems/ruby-2.0.0-p353@railstutorial_rails_4_0/specifications/rubyzip-0.9.9.gemspec
I, [2014-01-05T23:44:31.404329 #6962]  INFO -- : 0:  sass (3.2.13) from /usr/local/rvm/gems/ruby-2.0.0-p353@railstutorial_rails_4_0/specifications/sass-3.2.13.gemspec
I, [2014-01-05T23:44:31.404662 #6962]  INFO -- : 0:  sass-rails (4.0.1) from /usr/local/rvm/gems/ruby-2.0.0-p353@railstutorial_rails_4_0/specifications/sass-rails-4.0.1.gemspec
I, [2014-01-05T23:44:31.405122 #6962]  INFO -- : 0:  sdoc (0.3.20) from /usr/local/rvm/gems/ruby-2.0.0-p353@railstutorial_rails_4_0/specifications/sdoc-0.3.20.gemspec
I, [2014-01-05T23:44:31.405603 #6962]  INFO -- : 0:  websocket (1.0.7) from /usr/local/rvm/gems/ruby-2.0.0-p353@railstutorial_rails_4_0/specifications/websocket-1.0.7.gemspec
I, [2014-01-05T23:44:31.406050 #6962]  INFO -- : 0:  selenium-webdriver (2.35.1) from /usr/local/rvm/gems/ruby-2.0.0-p353@railstutorial_rails_4_0/specifications/selenium-webdriver-2.35.1.gemspec
I, [2014-01-05T23:44:31.406544 #6962]  INFO -- : 0:  sqlite3 (1.3.8) from /usr/local/rvm/gems/ruby-2.0.0-p353@railstutorial_rails_4_0/specifications/sqlite3-1.3.8.gemspec
I, [2014-01-05T23:44:31.407018 #6962]  INFO -- : 0:  turbolinks (1.1.1) from /usr/local/rvm/gems/ruby-2.0.0-p353@railstutorial_rails_4_0/specifications/turbolinks-1.1.1.gemspec
I, [2014-01-05T23:44:31.416250 #6962]  INFO -- : 0:  uglifier (2.1.1) from /usr/local/rvm/gems/ruby-2.0.0-p353@railstutorial_rails_4_0/specifications/uglifier-2.1.1.gemspec
